Apache Maven 3.6.0 (97c98ec64a1fdfee7767ce5ffb20918da4f719f3; 2018-10-24T20:41:47+02:00)
Maven home: C:\programs\apache-maven-3.6.0\bin\..
Java version: 1.8.0_202, vendor: Oracle Corporation, runtime: C:\Program Files\Java\jdk1.8.0_202\jre
Default locale: cs_CZ, platform encoding: UTF-8
OS name: "windows 10", version: "10.0", arch: "amd64", family: "windows"
[DEBUG] Created new class realm maven.api
[DEBUG] Importing foreign packages into class realm maven.api
[DEBUG]   Imported: javax.annotation.* < plexus.core
[DEBUG]   Imported: javax.annotation.security.* < plexus.core
[DEBUG]   Imported: javax.enterprise.inject.* < plexus.core
[DEBUG]   Imported: javax.enterprise.util.* < plexus.core
[DEBUG]   Imported: javax.inject.* < plexus.core
[DEBUG]   Imported: org.apache.maven.* < plexus.core
[DEBUG]   Imported: org.apache.maven.artifact < plexus.core
[DEBUG]   Imported: org.apache.maven.classrealm < plexus.core
[DEBUG]   Imported: org.apache.maven.cli < plexus.core
[DEBUG]   Imported: org.apache.maven.configuration < plexus.core
[DEBUG]   Imported: org.apache.maven.exception < plexus.core
[DEBUG]   Imported: org.apache.maven.execution < plexus.core
[DEBUG]   Imported: org.apache.maven.execution.scope < plexus.core
[DEBUG]   Imported: org.apache.maven.lifecycle < plexus.core
[DEBUG]   Imported: org.apache.maven.model < plexus.core
[DEBUG]   Imported: org.apache.maven.monitor < plexus.core
[DEBUG]   Imported: org.apache.maven.plugin < plexus.core
[DEBUG]   Imported: org.apache.maven.profiles < plexus.core
[DEBUG]   Imported: org.apache.maven.project < plexus.core
[DEBUG]   Imported: org.apache.maven.reporting < plexus.core
[DEBUG]   Imported: org.apache.maven.repository < plexus.core
[DEBUG]   Imported: org.apache.maven.rtinfo < plexus.core
[DEBUG]   Imported: org.apache.maven.settings < plexus.core
[DEBUG]   Imported: org.apache.maven.toolchain < plexus.core
[DEBUG]   Imported: org.apache.maven.usability < plexus.core
[DEBUG]   Imported: org.apache.maven.wagon.* < plexus.core
[DEBUG]   Imported: org.apache.maven.wagon.authentication < plexus.core
[DEBUG]   Imported: org.apache.maven.wagon.authorization < plexus.core
[DEBUG]   Imported: org.apache.maven.wagon.events < plexus.core
[DEBUG]   Imported: org.apache.maven.wagon.observers < plexus.core
[DEBUG]   Imported: org.apache.maven.wagon.proxy < plexus.core
[DEBUG]   Imported: org.apache.maven.wagon.repository < plexus.core
[DEBUG]   Imported: org.apache.maven.wagon.resource < plexus.core
[DEBUG]   Imported: org.codehaus.classworlds < plexus.core
[DEBUG]   Imported: org.codehaus.plexus.* < plexus.core
[DEBUG]   Imported: org.codehaus.plexus.classworlds < plexus.core
[DEBUG]   Imported: org.codehaus.plexus.component < plexus.core
[DEBUG]   Imported: org.codehaus.plexus.configuration < plexus.core
[DEBUG]   Imported: org.codehaus.plexus.container < plexus.core
[DEBUG]   Imported: org.codehaus.plexus.context < plexus.core
[DEBUG]   Imported: org.codehaus.plexus.lifecycle < plexus.core
[DEBUG]   Imported: org.codehaus.plexus.logging < plexus.core
[DEBUG]   Imported: org.codehaus.plexus.personality < plexus.core
[DEBUG]   Imported: org.codehaus.plexus.util.xml.Xpp3Dom < plexus.core
[DEBUG]   Imported: org.codehaus.plexus.util.xml.pull.XmlPullParser < plexus.core
[DEBUG]   Imported: org.codehaus.plexus.util.xml.pull.XmlPullParserException < plexus.core
[DEBUG]   Imported: org.codehaus.plexus.util.xml.pull.XmlSerializer < plexus.core
[DEBUG]   Imported: org.eclipse.aether.* < plexus.core
[DEBUG]   Imported: org.eclipse.aether.artifact < plexus.core
[DEBUG]   Imported: org.eclipse.aether.collection < plexus.core
[DEBUG]   Imported: org.eclipse.aether.deployment < plexus.core
[DEBUG]   Imported: org.eclipse.aether.graph < plexus.core
[DEBUG]   Imported: org.eclipse.aether.impl < plexus.core
[DEBUG]   Imported: org.eclipse.aether.installation < plexus.core
[DEBUG]   Imported: org.eclipse.aether.internal.impl < plexus.core
[DEBUG]   Imported: org.eclipse.aether.metadata < plexus.core
[DEBUG]   Imported: org.eclipse.aether.repository < plexus.core
[DEBUG]   Imported: org.eclipse.aether.resolution < plexus.core
[DEBUG]   Imported: org.eclipse.aether.spi < plexus.core
[DEBUG]   Imported: org.eclipse.aether.transfer < plexus.core
[DEBUG]   Imported: org.eclipse.aether.version < plexus.core
[DEBUG]   Imported: org.fusesource.jansi.* < plexus.core
[DEBUG]   Imported: org.slf4j.* < plexus.core
[DEBUG]   Imported: org.slf4j.helpers.* < plexus.core
[DEBUG]   Imported: org.slf4j.spi.* < plexus.core
[DEBUG] Populating class realm maven.api
[INFO] Error stacktraces are turned on.
[DEBUG] Message scheme: color
[DEBUG] Message styles: debug info warning error success failure strong mojo project
[DEBUG] Reading global settings from C:\programs\apache-maven-3.6.0\bin\..\conf\settings.xml
[DEBUG] Reading user settings from C:\Users\PavelJ\.m2\settings.xml
[DEBUG] Reading global toolchains from C:\programs\apache-maven-3.6.0\bin\..\conf\toolchains.xml
[DEBUG] Reading user toolchains from C:\Users\PavelJ\.m2\toolchains.xml
[DEBUG] Using local repository at C:\Users\PavelJ\.m2\repository
[DEBUG] Using manager EnhancedLocalRepositoryManager with priority 10.0 for C:\Users\PavelJ\.m2\repository
[INFO] Scanning for projects...
[DEBUG] Extension realms for project cz.bsc.g8.rbcz:ejb-client-test:war:1.0-SNAPSHOT: (none)
[DEBUG] Looking up lifecycle mappings for packaging war from ClassRealm[plexus.core, parent: null]
[DEBUG] Extension realms for project org.springframework.boot:spring-boot-starter-parent:pom:1.5.22.RELEASE: (none)
[DEBUG] Looking up lifecycle mappings for packaging pom from ClassRealm[plexus.core, parent: null]
[DEBUG] Extension realms for project org.springframework.boot:spring-boot-dependencies:pom:1.5.22.RELEASE: (none)
[DEBUG] Looking up lifecycle mappings for packaging pom from ClassRealm[plexus.core, parent: null]
[DEBUG] === REACTOR BUILD PLAN ================================================
[DEBUG] Project: cz.bsc.g8.rbcz:ejb-client-test:war:1.0-SNAPSHOT
[DEBUG] Tasks:   [clean, package]
[DEBUG] Style:   Regular
[DEBUG] =======================================================================
[INFO] 
[INFO] -------------------< cz.bsc.g8.rbcz:ejb-client-test >-------------------
[INFO] Building ejb-client-test 1.0-SNAPSHOT
[INFO] --------------------------------[ war ]---------------------------------
[DEBUG] Lifecycle default -> [validate, initialize, generate-sources, process-sources, generate-resources, process-resources, compile, process-classes, generate-test-sources, process-test-sources, generate-test-resources, process-test-resources, test-compile, process-test-classes, test, prepare-package, package, pre-integration-test, integration-test, post-integration-test, verify, install, deploy]
[DEBUG] Lifecycle clean -> [pre-clean, clean, post-clean]
[DEBUG] Lifecycle site -> [pre-site, site, post-site, site-deploy]
[DEBUG] Lifecycle default -> [validate, initialize, generate-sources, process-sources, generate-resources, process-resources, compile, process-classes, generate-test-sources, process-test-sources, generate-test-resources, process-test-resources, test-compile, process-test-classes, test, prepare-package, package, pre-integration-test, integration-test, post-integration-test, verify, install, deploy]
[DEBUG] Lifecycle clean -> [pre-clean, clean, post-clean]
[DEBUG] Lifecycle site -> [pre-site, site, post-site, site-deploy]
[DEBUG] Lifecycle default -> [validate, initialize, generate-sources, process-sources, generate-resources, process-resources, compile, process-classes, generate-test-sources, process-test-sources, generate-test-resources, process-test-resources, test-compile, process-test-classes, test, prepare-package, package, pre-integration-test, integration-test, post-integration-test, verify, install, deploy]
[DEBUG] Lifecycle clean -> [pre-clean, clean, post-clean]
[DEBUG] Lifecycle site -> [pre-site, site, post-site, site-deploy]
[DEBUG] Lifecycle default -> [validate, initialize, generate-sources, process-sources, generate-resources, process-resources, compile, process-classes, generate-test-sources, process-test-sources, generate-test-resources, process-test-resources, test-compile, process-test-classes, test, prepare-package, package, pre-integration-test, integration-test, post-integration-test, verify, install, deploy]
[DEBUG] Lifecycle clean -> [pre-clean, clean, post-clean]
[DEBUG] Lifecycle site -> [pre-site, site, post-site, site-deploy]
[DEBUG] Lifecycle default -> [validate, initialize, generate-sources, process-sources, generate-resources, process-resources, compile, process-classes, generate-test-sources, process-test-sources, generate-test-resources, process-test-resources, test-compile, process-test-classes, test, prepare-package, package, pre-integration-test, integration-test, post-integration-test, verify, install, deploy]
[DEBUG] Lifecycle clean -> [pre-clean, clean, post-clean]
[DEBUG] Lifecycle site -> [pre-site, site, post-site, site-deploy]
[DEBUG] Lifecycle default -> [validate, initialize, generate-sources, process-sources, generate-resources, process-resources, compile, process-classes, generate-test-sources, process-test-sources, generate-test-resources, process-test-resources, test-compile, process-test-classes, test, prepare-package, package, pre-integration-test, integration-test, post-integration-test, verify, install, deploy]
[DEBUG] Lifecycle clean -> [pre-clean, clean, post-clean]
[DEBUG] Lifecycle site -> [pre-site, site, post-site, site-deploy]
[DEBUG] Lifecycle default -> [validate, initialize, generate-sources, process-sources, generate-resources, process-resources, compile, process-classes, generate-test-sources, process-test-sources, generate-test-resources, process-test-resources, test-compile, process-test-classes, test, prepare-package, package, pre-integration-test, integration-test, post-integration-test, verify, install, deploy]
[DEBUG] Lifecycle clean -> [pre-clean, clean, post-clean]
[DEBUG] Lifecycle site -> [pre-site, site, post-site, site-deploy]
[DEBUG] Lifecycle default -> [validate, initialize, generate-sources, process-sources, generate-resources, process-resources, compile, process-classes, generate-test-sources, process-test-sources, generate-test-resources, process-test-resources, test-compile, process-test-classes, test, prepare-package, package, pre-integration-test, integration-test, post-integration-test, verify, install, deploy]
[DEBUG] Lifecycle clean -> [pre-clean, clean, post-clean]
[DEBUG] Lifecycle site -> [pre-site, site, post-site, site-deploy]
[DEBUG] Lifecycle default -> [validate, initialize, generate-sources, process-sources, generate-resources, process-resources, compile, process-classes, generate-test-sources, process-test-sources, generate-test-resources, process-test-resources, test-compile, process-test-classes, test, prepare-package, package, pre-integration-test, integration-test, post-integration-test, verify, install, deploy]
[DEBUG] Lifecycle clean -> [pre-clean, clean, post-clean]
[DEBUG] Lifecycle site -> [pre-site, site, post-site, site-deploy]
[DEBUG] === PROJECT BUILD PLAN ================================================
[DEBUG] Project:       cz.bsc.g8.rbcz:ejb-client-test:1.0-SNAPSHOT
[DEBUG] Dependencies (collect): [compile+runtime]
[DEBUG] Dependencies (resolve): [compile, compile+runtime, runtime, test]
[DEBUG] Repositories (dependencies): [BSC_public_all (http://triton.bscpraha.cz:8081/nexus/content/groups/public-all, default, releases), central (https://repo.maven.apache.org/maven2, default, releases)]
[DEBUG] Repositories (plugins)     : [BSC_public_all (http://triton.bscpraha.cz:8081/nexus/content/groups/public-all, default, releases), central (https://repo.maven.apache.org/maven2, default, releases)]
[DEBUG] -----------------------------------------------------------------------
[DEBUG] Goal:          org.apache.maven.plugins:maven-clean-plugin:2.6.1:clean (default-clean)
[DEBUG] Style:         Regular
[DEBUG] Configuration: <?xml version="1.0" encoding="UTF-8"?>
<configuration>
  <directory default-value="${project.build.directory}"/>
  <excludeDefaultDirectories default-value="false">${clean.excludeDefaultDirectories}</excludeDefaultDirectories>
  <failOnError default-value="true">${maven.clean.failOnError}</failOnError>
  <followSymLinks default-value="false">${clean.followSymLinks}</followSymLinks>
  <outputDirectory default-value="${project.build.outputDirectory}"/>
  <reportDirectory default-value="${project.build.outputDirectory}"/>
  <retryOnError default-value="true">${maven.clean.retryOnError}</retryOnError>
  <skip default-value="false">${clean.skip}</skip>
  <testOutputDirectory default-value="${project.build.testOutputDirectory}"/>
  <verbose>${clean.verbose}</verbose>
</configuration>
[DEBUG] -----------------------------------------------------------------------
[DEBUG] Goal:          org.apache.maven.plugins:maven-resources-plugin:2.7:resources (default-resources)
[DEBUG] Style:         Regular
[DEBUG] Configuration: <?xml version="1.0" encoding="UTF-8"?>
<configuration>
  <buildFilters default-value="${project.build.filters}"/>
  <delimiters>
    <delimiter>@</delimiter>
  </delimiters>
  <encoding default-value="${project.build.sourceEncoding}">${encoding}</encoding>
  <escapeString>${maven.resources.escapeString}</escapeString>
  <escapeWindowsPaths default-value="true">${maven.resources.escapeWindowsPaths}</escapeWindowsPaths>
  <includeEmptyDirs default-value="false">${maven.resources.includeEmptyDirs}</includeEmptyDirs>
  <outputDirectory default-value="${project.build.outputDirectory}"/>
  <overwrite default-value="false">${maven.resources.overwrite}</overwrite>
  <project default-value="${project}"/>
  <resources default-value="${project.resources}"/>
  <session default-value="${session}"/>
  <supportMultiLineFiltering default-value="false">${maven.resources.supportMultiLineFiltering}</supportMultiLineFiltering>
  <useBuildFilters default-value="true"/>
  <useDefaultDelimiters default-value="true">false</useDefaultDelimiters>
</configuration>
[DEBUG] -----------------------------------------------------------------------
[DEBUG] Goal:          org.apache.maven.plugins:maven-compiler-plugin:3.1:compile (default-compile)
[DEBUG] Style:         Regular
[DEBUG] Configuration: <?xml version="1.0" encoding="UTF-8"?>
<configuration>
  <basedir default-value="${basedir}"/>
  <buildDirectory default-value="${project.build.directory}"/>
  <classpathElements default-value="${project.compileClasspathElements}"/>
  <compileSourceRoots default-value="${project.compileSourceRoots}"/>
  <compilerId default-value="javac">${maven.compiler.compilerId}</compilerId>
  <compilerReuseStrategy default-value="${reuseCreated}">${maven.compiler.compilerReuseStrategy}</compilerReuseStrategy>
  <compilerVersion>${maven.compiler.compilerVersion}</compilerVersion>
  <debug default-value="true">${maven.compiler.debug}</debug>
  <debuglevel>${maven.compiler.debuglevel}</debuglevel>
  <encoding default-value="${project.build.sourceEncoding}">${encoding}</encoding>
  <executable>${maven.compiler.executable}</executable>
  <failOnError default-value="true">${maven.compiler.failOnError}</failOnError>
  <forceJavacCompilerUse default-value="false">${maven.compiler.forceJavacCompilerUse}</forceJavacCompilerUse>
  <fork default-value="false">${maven.compiler.fork}</fork>
  <generatedSourcesDirectory default-value="${project.build.directory}/generated-sources/annotations"/>
  <maxmem>${maven.compiler.maxmem}</maxmem>
  <meminitial>${maven.compiler.meminitial}</meminitial>
  <mojoExecution>${mojoExecution}</mojoExecution>
  <optimize default-value="false">${maven.compiler.optimize}</optimize>
  <outputDirectory default-value="${project.build.outputDirectory}"/>
  <projectArtifact default-value="${project.artifact}"/>
  <showDeprecation default-value="false">${maven.compiler.showDeprecation}</showDeprecation>
  <showWarnings default-value="false">${maven.compiler.showWarnings}</showWarnings>
  <skipMain>${maven.main.skip}</skipMain>
  <skipMultiThreadWarning default-value="false">${maven.compiler.skipMultiThreadWarning}</skipMultiThreadWarning>
  <source default-value="1.5">${maven.compiler.source}</source>
  <staleMillis default-value="0">${lastModGranularityMs}</staleMillis>
  <target default-value="1.5">${maven.compiler.target}</target>
  <useIncrementalCompilation default-value="true">${maven.compiler.useIncrementalCompilation}</useIncrementalCompilation>
  <verbose default-value="false">${maven.compiler.verbose}</verbose>
  <mavenSession default-value="${session}"/>
  <session default-value="${session}"/>
</configuration>
[DEBUG] -----------------------------------------------------------------------
[DEBUG] Goal:          org.apache.maven.plugins:maven-resources-plugin:2.7:testResources (default-testResources)
[DEBUG] Style:         Regular
[DEBUG] Configuration: <?xml version="1.0" encoding="UTF-8"?>
<configuration>
  <buildFilters default-value="${project.build.filters}"/>
  <delimiters>
    <delimiter>@</delimiter>
  </delimiters>
  <encoding default-value="${project.build.sourceEncoding}">${encoding}</encoding>
  <escapeString>${maven.resources.escapeString}</escapeString>
  <escapeWindowsPaths default-value="true">${maven.resources.escapeWindowsPaths}</escapeWindowsPaths>
  <includeEmptyDirs default-value="false">${maven.resources.includeEmptyDirs}</includeEmptyDirs>
  <outputDirectory default-value="${project.build.testOutputDirectory}"/>
  <overwrite default-value="false">${maven.resources.overwrite}</overwrite>
  <project default-value="${project}"/>
  <resources default-value="${project.testResources}"/>
  <session default-value="${session}"/>
  <skip>${maven.test.skip}</skip>
  <supportMultiLineFiltering default-value="false">${maven.resources.supportMultiLineFiltering}</supportMultiLineFiltering>
  <useBuildFilters default-value="true"/>
  <useDefaultDelimiters default-value="true">false</useDefaultDelimiters>
</configuration>
[DEBUG] -----------------------------------------------------------------------
[DEBUG] Goal:          org.apache.maven.plugins:maven-compiler-plugin:3.1:testCompile (default-testCompile)
[DEBUG] Style:         Regular
[DEBUG] Configuration: <?xml version="1.0" encoding="UTF-8"?>
<configuration>
  <basedir default-value="${basedir}"/>
  <buildDirectory default-value="${project.build.directory}"/>
  <classpathElements default-value="${project.testClasspathElements}"/>
  <compileSourceRoots default-value="${project.testCompileSourceRoots}"/>
  <compilerId default-value="javac">${maven.compiler.compilerId}</compilerId>
  <compilerReuseStrategy default-value="${reuseCreated}">${maven.compiler.compilerReuseStrategy}</compilerReuseStrategy>
  <compilerVersion>${maven.compiler.compilerVersion}</compilerVersion>
  <debug default-value="true">${maven.compiler.debug}</debug>
  <debuglevel>${maven.compiler.debuglevel}</debuglevel>
  <encoding default-value="${project.build.sourceEncoding}">${encoding}</encoding>
  <executable>${maven.compiler.executable}</executable>
  <failOnError default-value="true">${maven.compiler.failOnError}</failOnError>
  <forceJavacCompilerUse default-value="false">${maven.compiler.forceJavacCompilerUse}</forceJavacCompilerUse>
  <fork default-value="false">${maven.compiler.fork}</fork>
  <generatedTestSourcesDirectory default-value="${project.build.directory}/generated-test-sources/test-annotations"/>
  <maxmem>${maven.compiler.maxmem}</maxmem>
  <meminitial>${maven.compiler.meminitial}</meminitial>
  <mojoExecution>${mojoExecution}</mojoExecution>
  <optimize default-value="false">${maven.compiler.optimize}</optimize>
  <outputDirectory default-value="${project.build.testOutputDirectory}"/>
  <showDeprecation default-value="false">${maven.compiler.showDeprecation}</showDeprecation>
  <showWarnings default-value="false">${maven.compiler.showWarnings}</showWarnings>
  <skip>${maven.test.skip}</skip>
  <skipMultiThreadWarning default-value="false">${maven.compiler.skipMultiThreadWarning}</skipMultiThreadWarning>
  <source default-value="1.5">${maven.compiler.source}</source>
  <staleMillis default-value="0">${lastModGranularityMs}</staleMillis>
  <target default-value="1.5">${maven.compiler.target}</target>
  <testSource>${maven.compiler.testSource}</testSource>
  <testTarget>${maven.compiler.testTarget}</testTarget>
  <useIncrementalCompilation default-value="true">${maven.compiler.useIncrementalCompilation}</useIncrementalCompilation>
  <verbose default-value="false">${maven.compiler.verbose}</verbose>
  <mavenSession default-value="${session}"/>
  <session default-value="${session}"/>
</configuration>
[DEBUG] -----------------------------------------------------------------------
[DEBUG] Goal:          org.apache.maven.plugins:maven-surefire-plugin:2.18.1:test (default-test)
[DEBUG] Style:         Regular
[DEBUG] Configuration: <?xml version="1.0" encoding="UTF-8"?>
<configuration>
  <additionalClasspathElements>${maven.test.additionalClasspath}</additionalClasspathElements>
  <argLine>${argLine}</argLine>
  <basedir default-value="${basedir}"/>
  <childDelegation default-value="false">${childDelegation}</childDelegation>
  <classesDirectory default-value="${project.build.outputDirectory}"/>
  <classpathDependencyExcludes>${maven.test.dependency.excludes}</classpathDependencyExcludes>
  <debugForkedProcess>${maven.surefire.debug}</debugForkedProcess>
  <dependenciesToScan>${dependenciesToScan}</dependenciesToScan>
  <disableXmlReport default-value="false">${disableXmlReport}</disableXmlReport>
  <enableAssertions default-value="true">${enableAssertions}</enableAssertions>
  <excludedGroups>${excludedGroups}</excludedGroups>
  <excludes>
    <exclude>**/Abstract*.java</exclude>
  </excludes>
  <failIfNoSpecifiedTests>${surefire.failIfNoSpecifiedTests}</failIfNoSpecifiedTests>
  <failIfNoTests>${failIfNoTests}</failIfNoTests>
  <forkCount default-value="1">${forkCount}</forkCount>
  <forkMode default-value="once">${forkMode}</forkMode>
  <forkedProcessTimeoutInSeconds>${surefire.timeout}</forkedProcessTimeoutInSeconds>
  <groups>${groups}</groups>
  <includes>
    <include>**/*Tests.java</include>
    <include>**/*Test.java</include>
  </includes>
  <junitArtifactName default-value="junit:junit">${junitArtifactName}</junitArtifactName>
  <jvm>${jvm}</jvm>
  <localRepository default-value="${localRepository}"/>
  <objectFactory>${objectFactory}</objectFactory>
  <parallel>${parallel}</parallel>
  <parallelMavenExecution default-value="${session.parallel}"/>
  <parallelOptimized default-value="true">${parallelOptimized}</parallelOptimized>
  <parallelTestsTimeoutForcedInSeconds>${surefire.parallel.forcedTimeout}</parallelTestsTimeoutForcedInSeconds>
  <parallelTestsTimeoutInSeconds>${surefire.parallel.timeout}</parallelTestsTimeoutInSeconds>
  <perCoreThreadCount default-value="true">${perCoreThreadCount}</perCoreThreadCount>
  <pluginArtifactMap>${plugin.artifactMap}</pluginArtifactMap>
  <pluginDescriptor default-value="${plugin}"/>
  <printSummary default-value="true">${surefire.printSummary}</printSummary>
  <projectArtifactMap>${project.artifactMap}</projectArtifactMap>
  <redirectTestOutputToFile default-value="false">${maven.test.redirectTestOutputToFile}</redirectTestOutputToFile>
  <remoteRepositories default-value="${project.pluginArtifactRepositories}"/>
  <reportFormat default-value="brief">${surefire.reportFormat}</reportFormat>
  <reportNameSuffix default-value="">${surefire.reportNameSuffix}</reportNameSuffix>
  <reportsDirectory default-value="${project.build.directory}/surefire-reports"/>
  <rerunFailingTestsCount default-value="0">${surefire.rerunFailingTestsCount}</rerunFailingTestsCount>
  <reuseForks default-value="true">${reuseForks}</reuseForks>
  <runOrder default-value="filesystem">${surefire.runOrder}</runOrder>
  <skip default-value="false">${maven.test.skip}</skip>
  <skipExec>${maven.test.skip.exec}</skipExec>
  <skipTests default-value="false">${skipTests}</skipTests>
  <suiteXmlFiles>${surefire.suiteXmlFiles}</suiteXmlFiles>
  <test>${test}</test>
  <testClassesDirectory default-value="${project.build.testOutputDirectory}"/>
  <testFailureIgnore default-value="false">${maven.test.failure.ignore}</testFailureIgnore>
  <testNGArtifactName default-value="org.testng:testng">${testNGArtifactName}</testNGArtifactName>
  <testSourceDirectory default-value="${project.build.testSourceDirectory}"/>
  <threadCount>${threadCount}</threadCount>
  <threadCountClasses default-value="0">${threadCountClasses}</threadCountClasses>
  <threadCountMethods default-value="0">${threadCountMethods}</threadCountMethods>
  <threadCountSuites default-value="0">${threadCountSuites}</threadCountSuites>
  <trimStackTrace default-value="true">${trimStackTrace}</trimStackTrace>
  <useFile default-value="true">${surefire.useFile}</useFile>
  <useManifestOnlyJar default-value="true">${surefire.useManifestOnlyJar}</useManifestOnlyJar>
  <useSystemClassLoader default-value="true">${surefire.useSystemClassLoader}</useSystemClassLoader>
  <useUnlimitedThreads default-value="false">${useUnlimitedThreads}</useUnlimitedThreads>
  <workingDirectory>${basedir}</workingDirectory>
  <project default-value="${project}"/>
  <session default-value="${session}"/>
</configuration>
[DEBUG] -----------------------------------------------------------------------
[DEBUG] Goal:          org.apache.maven.plugins:maven-war-plugin:2.6:war (default-war)
[DEBUG] Style:         Regular
[DEBUG] Configuration: <?xml version="1.0" encoding="UTF-8"?>
<configuration>
  <archive>
    <manifest>
      <mainClass>${start-class}</mainClass>
      <addDefaultImplementationEntries>true</addDefaultImplementationEntries>
    </manifest>
  </archive>
  <archiveClasses default-value="false">${archiveClasses}</archiveClasses>
  <attachClasses default-value="false"/>
  <cacheFile default-value="${project.build.directory}/war/work/webapp-cache.xml"/>
  <classesClassifier default-value="classes"/>
  <classesDirectory default-value="${project.build.outputDirectory}"/>
  <containerConfigXML>${maven.war.containerConfigXML}</containerConfigXML>
  <escapeString>${maven.war.escapeString}</escapeString>
  <escapedBackslashesInFilePath default-value="false">${maven.war.escapedBackslashesInFilePath}</escapedBackslashesInFilePath>
  <failOnMissingWebXml default-value="true">false</failOnMissingWebXml>
  <filteringDeploymentDescriptors default-value="false">${maven.war.filteringDeploymentDescriptors}</filteringDeploymentDescriptors>
  <includeEmptyDirectories default-value="false"/>
  <outputDirectory default-value="${project.build.directory}"/>
  <primaryArtifact default-value="true">${primaryArtifact}</primaryArtifact>
  <project default-value="${project}"/>
  <recompressZippedFiles default-value="true"/>
  <resourceEncoding default-value="${project.build.sourceEncoding}">${resourceEncoding}</resourceEncoding>
  <session default-value="${session}"/>
  <supportMultiLineFiltering default-value="false">${maven.war.supportMultiLineFiltering}</supportMultiLineFiltering>
  <useCache default-value="false">${useCache}</useCache>
  <useJvmChmod default-value="true">${maven.war.useJvmChmod}</useJvmChmod>
  <warName default-value="${project.build.finalName}">${war.warName}</warName>
  <warSourceDirectory default-value="${basedir}/src/main/webapp"/>
  <warSourceIncludes default-value="**"/>
  <webXml>${maven.war.webxml}</webXml>
  <webappDirectory default-value="${project.build.directory}/${project.build.finalName}"/>
  <workDirectory default-value="${project.build.directory}/war/work"/>
</configuration>
[DEBUG] -----------------------------------------------------------------------
[DEBUG] Goal:          org.springframework.boot:spring-boot-maven-plugin:1.5.22.RELEASE:repackage (default)
[DEBUG] Style:         Regular
[DEBUG] Configuration: <?xml version="1.0" encoding="UTF-8"?>
<configuration>
  <attach default-value="true"/>
  <excludeArtifactIds default-value="">${excludeArtifactIds}</excludeArtifactIds>
  <excludeDevtools default-value="true"/>
  <excludeGroupIds default-value="">${excludeGroupIds}</excludeGroupIds>
  <executable default-value="false"/>
  <finalName default-value="${project.build.finalName}"/>
  <includeSystemScope default-value="false">true</includeSystemScope>
  <mainClass>${start-class}</mainClass>
  <outputDirectory default-value="${project.build.directory}"/>
  <project default-value="${project}"/>
  <skip default-value="false">${skip}</skip>
</configuration>
[DEBUG] =======================================================================
[DEBUG] Dependency collection stats: {ConflictMarker.analyzeTime=579700, ConflictMarker.markTime=334700, ConflictMarker.nodeCount=63, ConflictIdSorter.graphTime=397000, ConflictIdSorter.topsortTime=263300, ConflictIdSorter.conflictIdCount=34, ConflictIdSorter.conflictIdCycleCount=0, ConflictResolver.totalTime=3397200, ConflictResolver.conflictItemCount=54, DefaultDependencyCollector.collectTime=146825800, DefaultDependencyCollector.transformTime=6233900}
[DEBUG] cz.bsc.g8.rbcz:ejb-client-test:war:1.0-SNAPSHOT
[DEBUG]    org.springframework.boot:spring-boot-starter-web:jar:1.5.22.RELEASE:compile
[DEBUG]       org.springframework.boot:spring-boot-starter:jar:1.5.22.RELEASE:compile (version managed from 1.5.22.RELEASE) (exclusions managed)
[DEBUG]          org.springframework.boot:spring-boot:jar:1.5.22.RELEASE:compile (version managed from 1.5.22.RELEASE)
[DEBUG]          org.springframework.boot:spring-boot-autoconfigure:jar:1.5.22.RELEASE:compile (version managed from 1.5.22.RELEASE)
[DEBUG]          org.springframework.boot:spring-boot-starter-logging:jar:1.5.22.RELEASE:compile (version managed from 1.5.22.RELEASE)
[DEBUG]             ch.qos.logback:logback-classic:jar:1.1.11:compile (version managed from 1.1.11)
[DEBUG]                ch.qos.logback:logback-core:jar:1.1.11:compile (version managed from 1.1.11)
[DEBUG]                org.slf4j:slf4j-api:jar:1.7.26:compile (version managed from 1.7.22)
[DEBUG]             org.slf4j:jcl-over-slf4j:jar:1.7.26:compile (version managed from 1.7.26)
[DEBUG]             org.slf4j:jul-to-slf4j:jar:1.7.26:compile (version managed from 1.7.26)
[DEBUG]             org.slf4j:log4j-over-slf4j:jar:1.7.26:compile (version managed from 1.7.26)
[DEBUG]          org.springframework:spring-core:jar:4.3.25.RELEASE:compile (version managed from 4.3.25.RELEASE) (exclusions managed)
[DEBUG]          org.yaml:snakeyaml:jar:1.17:runtime (version managed from 1.17)
[DEBUG]       org.springframework.boot:spring-boot-starter-tomcat:jar:1.5.22.RELEASE:compile (version managed from 1.5.22.RELEASE)
[DEBUG]          org.apache.tomcat.embed:tomcat-embed-core:jar:8.5.43:compile (version managed from 8.5.43)
[DEBUG]             org.apache.tomcat:tomcat-annotations-api:jar:8.5.43:compile (version managed from 8.5.43)
[DEBUG]          org.apache.tomcat.embed:tomcat-embed-el:jar:8.5.43:compile (version managed from 8.5.43)
[DEBUG]       org.hibernate:hibernate-validator:jar:5.3.6.Final:compile (version managed from 5.3.6.Final)
[DEBUG]          javax.validation:validation-api:jar:1.1.0.Final:compile (version managed from 1.1.0.Final)
[DEBUG]          org.jboss.logging:jboss-logging:jar:3.3.2.Final:compile (version managed from 3.3.0.Final)
[DEBUG]          com.fasterxml:classmate:jar:1.3.4:compile (version managed from 1.3.1)
[DEBUG]       com.fasterxml.jackson.core:jackson-databind:jar:2.8.11.3:compile (version managed from 2.8.11.3)
[DEBUG]          com.fasterxml.jackson.core:jackson-annotations:jar:2.8.0:compile (version managed from 2.8.0)
[DEBUG]          com.fasterxml.jackson.core:jackson-core:jar:2.8.11:compile (version managed from 2.8.10)
[DEBUG]       org.springframework:spring-web:jar:4.3.25.RELEASE:compile (version managed from 4.3.25.RELEASE)
[DEBUG]          org.springframework:spring-aop:jar:4.3.25.RELEASE:compile (version managed from 4.3.25.RELEASE)
[DEBUG]          org.springframework:spring-beans:jar:4.3.25.RELEASE:compile (version managed from 4.3.25.RELEASE)
[DEBUG]          org.springframework:spring-context:jar:4.3.25.RELEASE:compile (version managed from 4.3.25.RELEASE)
[DEBUG]       org.springframework:spring-webmvc:jar:4.3.25.RELEASE:compile (version managed from 4.3.25.RELEASE)
[DEBUG]          org.springframework:spring-expression:jar:4.3.25.RELEASE:compile (version managed from 4.3.25.RELEASE)
[DEBUG]    javax:javaee-api:jar:7.0:provided
[DEBUG]       com.sun.mail:javax.mail:jar:1.5.6:provided (version managed from 1.5.0)
[DEBUG]          javax.activation:activation:jar:1.1:provided
[DEBUG]    cz.bsc.g8.rbcz:ejb-server-test:jar:1.0-SNAPSHOT:compile
[INFO] 
[INFO] --- maven-clean-plugin:2.6.1:clean (default-clean) @ ejb-client-test ---
[DEBUG] Dependency collection stats: {ConflictMarker.analyzeTime=22100, ConflictMarker.markTime=45600, ConflictMarker.nodeCount=4, ConflictIdSorter.graphTime=6000, ConflictIdSorter.topsortTime=8000, ConflictIdSorter.conflictIdCount=4, ConflictIdSorter.conflictIdCycleCount=0, ConflictResolver.totalTime=162500, ConflictResolver.conflictItemCount=4, DefaultDependencyCollector.collectTime=15049000, DefaultDependencyCollector.transformTime=326900}
[DEBUG] org.apache.maven.plugins:maven-clean-plugin:jar:2.6.1:
[DEBUG]    org.apache.maven:maven-plugin-api:jar:2.2.1:compile
[DEBUG]    org.apache.maven.shared:maven-shared-utils:jar:0.7:compile
[DEBUG]       com.google.code.findbugs:jsr305:jar:2.0.1:compile
[DEBUG]    org.codehaus.plexus:plexus-utils:jar:1.1:runtime
[DEBUG] Created new class realm plugin>org.apache.maven.plugins:maven-clean-plugin:2.6.1
[DEBUG] Importing foreign packages into class realm plugin>org.apache.maven.plugins:maven-clean-plugin:2.6.1
[DEBUG]   Imported:  < maven.api
[DEBUG] Populating class realm plugin>org.apache.maven.plugins:maven-clean-plugin:2.6.1
[DEBUG]   Included: org.apache.maven.plugins:maven-clean-plugin:jar:2.6.1
[DEBUG]   Included: org.apache.maven.shared:maven-shared-utils:jar:0.7
[DEBUG]   Included: com.google.code.findbugs:jsr305:jar:2.0.1
[DEBUG]   Included: org.codehaus.plexus:plexus-utils:jar:1.1
[DEBUG] Configuring mojo org.apache.maven.plugins:maven-clean-plugin:2.6.1:clean from plugin realm ClassRealm[plugin>org.apache.maven.plugins:maven-clean-plugin:2.6.1, parent: sun.misc.Launcher$AppClassLoader@5c647e05]
[DEBUG] Configuring mojo 'org.apache.maven.plugins:maven-clean-plugin:2.6.1:clean' with basic configurator -->
[DEBUG]   (f) directory = C:\Users\PavelJ\IdeaProjects\ejbtest\target
[DEBUG]   (f) excludeDefaultDirectories = false
[DEBUG]   (f) failOnError = true
[DEBUG]   (f) followSymLinks = false
[DEBUG]   (f) outputDirectory = C:\Users\PavelJ\IdeaProjects\ejbtest\target\classes
[DEBUG]   (f) reportDirectory = C:\Users\PavelJ\IdeaProjects\ejbtest\target\classes
[DEBUG]   (f) retryOnError = true
[DEBUG]   (f) skip = false
[DEBUG]   (f) testOutputDirectory = C:\Users\PavelJ\IdeaProjects\ejbtest\target\test-classes
[DEBUG] -- end configuration --
[INFO] Deleting C:\Users\PavelJ\IdeaProjects\ejbtest\target
[INFO] Deleting file C:\Users\PavelJ\IdeaProjects\ejbtest\target\maven-status\maven-compiler-plugin\compile\default-compile\inputFiles.lst
[INFO] Deleting file C:\Users\PavelJ\IdeaProjects\ejbtest\target\maven-status\maven-compiler-plugin\compile\default-compile\createdFiles.lst
[INFO] Deleting directory C:\Users\PavelJ\IdeaProjects\ejbtest\target\maven-status\maven-compiler-plugin\compile\default-compile
[INFO] Deleting directory C:\Users\PavelJ\IdeaProjects\ejbtest\target\maven-status\maven-compiler-plugin\compile
[INFO] Deleting directory C:\Users\PavelJ\IdeaProjects\ejbtest\target\maven-status\maven-compiler-plugin
[INFO] Deleting directory C:\Users\PavelJ\IdeaProjects\ejbtest\target\maven-status
[INFO] Deleting directory C:\Users\PavelJ\IdeaProjects\ejbtest\target\generated-sources\annotations
[INFO] Deleting directory C:\Users\PavelJ\IdeaProjects\ejbtest\target\generated-sources
[INFO] Deleting file C:\Users\PavelJ\IdeaProjects\ejbtest\target\classes\lib\test-ejb-remote-1.0-SNAPSHOT.jar
[INFO] Deleting directory C:\Users\PavelJ\IdeaProjects\ejbtest\target\classes\lib
[INFO] Deleting directory C:\Users\PavelJ\IdeaProjects\ejbtest\target\classes
[INFO] Deleting directory C:\Users\PavelJ\IdeaProjects\ejbtest\target
[DEBUG] Skipping non-existing directory C:\Users\PavelJ\IdeaProjects\ejbtest\target\classes
[DEBUG] Skipping non-existing directory C:\Users\PavelJ\IdeaProjects\ejbtest\target\test-classes
[DEBUG] Skipping non-existing directory C:\Users\PavelJ\IdeaProjects\ejbtest\target\classes
[INFO] 
[INFO] --- maven-resources-plugin:2.7:resources (default-resources) @ ejb-client-test ---
[DEBUG] Dependency collection stats: {ConflictMarker.analyzeTime=249300, ConflictMarker.markTime=132200, ConflictMarker.nodeCount=143, ConflictIdSorter.graphTime=84900, ConflictIdSorter.topsortTime=18000, ConflictIdSorter.conflictIdCount=36, ConflictIdSorter.conflictIdCycleCount=0, ConflictResolver.totalTime=781400, ConflictResolver.conflictItemCount=88, DefaultDependencyCollector.collectTime=195093800, DefaultDependencyCollector.transformTime=1289500}
[DEBUG] org.apache.maven.plugins:maven-resources-plugin:jar:2.7:
[DEBUG]    org.apache.maven:maven-plugin-api:jar:2.2.1:compile
[DEBUG]    org.apache.maven:maven-project:jar:2.2.1:compile
[DEBUG]       org.apache.maven:maven-profile:jar:2.2.1:compile
[DEBUG]       org.apache.maven:maven-artifact-manager:jar:2.2.1:compile
[DEBUG]          backport-util-concurrent:backport-util-concurrent:jar:3.1:compile
[DEBUG]       org.apache.maven:maven-plugin-registry:jar:2.2.1:compile
[DEBUG]       org.codehaus.plexus:plexus-container-default:jar:1.0-alpha-9-stable-1:compile
[DEBUG]          junit:junit:jar:3.8.1:compile
[DEBUG]    org.apache.maven:maven-core:jar:2.2.1:compile
[DEBUG]       org.apache.maven:maven-plugin-parameter-documenter:jar:2.2.1:compile
[DEBUG]       org.slf4j:slf4j-jdk14:jar:1.5.6:runtime
[DEBUG]          org.slf4j:slf4j-api:jar:1.5.6:runtime
[DEBUG]       org.slf4j:jcl-over-slf4j:jar:1.5.6:runtime
[DEBUG]       org.apache.maven.reporting:maven-reporting-api:jar:2.2.1:compile
[DEBUG]          org.apache.maven.doxia:doxia-sink-api:jar:1.1:compile
[DEBUG]          org.apache.maven.doxia:doxia-logging-api:jar:1.1:compile
[DEBUG]       org.apache.maven:maven-repository-metadata:jar:2.2.1:compile
[DEBUG]       org.apache.maven:maven-error-diagnostics:jar:2.2.1:compile
[DEBUG]       commons-cli:commons-cli:jar:1.2:compile
[DEBUG]       org.apache.maven:maven-plugin-descriptor:jar:2.2.1:compile
[DEBUG]       org.codehaus.plexus:plexus-interactivity-api:jar:1.0-alpha-4:compile
[DEBUG]       classworlds:classworlds:jar:1.1:compile
[DEBUG]       org.sonatype.plexus:plexus-sec-dispatcher:jar:1.3:compile
[DEBUG]          org.sonatype.plexus:plexus-cipher:jar:1.4:compile
[DEBUG]    org.apache.maven:maven-artifact:jar:2.2.1:compile
[DEBUG]    org.apache.maven:maven-settings:jar:2.2.1:compile
[DEBUG]    org.apache.maven:maven-model:jar:2.2.1:compile
[DEBUG]    org.apache.maven:maven-monitor:jar:2.2.1:compile
[DEBUG]    org.codehaus.plexus:plexus-utils:jar:3.0.15:compile
[DEBUG]    org.apache.maven.shared:maven-filtering:jar:1.2:compile
[DEBUG]       org.apache.maven.shared:maven-shared-utils:jar:0.3:compile
[DEBUG]          com.google.code.findbugs:jsr305:jar:2.0.1:compile
[DEBUG]       org.sonatype.plexus:plexus-build-api:jar:0.0.4:compile
[DEBUG]    org.codehaus.plexus:plexus-interpolation:jar:1.19:compile
[DEBUG] Created new class realm plugin>org.apache.maven.plugins:maven-resources-plugin:2.7
[DEBUG] Importing foreign packages into class realm plugin>org.apache.maven.plugins:maven-resources-plugin:2.7
[DEBUG]   Imported:  < maven.api
[DEBUG] Populating class realm plugin>org.apache.maven.plugins:maven-resources-plugin:2.7
[DEBUG]   Included: org.apache.maven.plugins:maven-resources-plugin:jar:2.7
[DEBUG]   Included: backport-util-concurrent:backport-util-concurrent:jar:3.1
[DEBUG]   Included: junit:junit:jar:3.8.1
[DEBUG]   Included: org.slf4j:slf4j-jdk14:jar:1.5.6
[DEBUG]   Included: org.slf4j:jcl-over-slf4j:jar:1.5.6
[DEBUG]   Included: org.apache.maven.reporting:maven-reporting-api:jar:2.2.1
[DEBUG]   Included: org.apache.maven.doxia:doxia-sink-api:jar:1.1
[DEBUG]   Included: org.apache.maven.doxia:doxia-logging-api:jar:1.1
[DEBUG]   Included: commons-cli:commons-cli:jar:1.2
[DEBUG]   Included: org.codehaus.plexus:plexus-interactivity-api:jar:1.0-alpha-4
[DEBUG]   Included: org.sonatype.plexus:plexus-sec-dispatcher:jar:1.3
[DEBUG]   Included: org.sonatype.plexus:plexus-cipher:jar:1.4
[DEBUG]   Included: org.codehaus.plexus:plexus-utils:jar:3.0.15
[DEBUG]   Included: org.apache.maven.shared:maven-filtering:jar:1.2
[DEBUG]   Included: org.apache.maven.shared:maven-shared-utils:jar:0.3
[DEBUG]   Included: com.google.code.findbugs:jsr305:jar:2.0.1
[DEBUG]   Included: org.sonatype.plexus:plexus-build-api:jar:0.0.4
[DEBUG]   Included: org.codehaus.plexus:plexus-interpolation:jar:1.19
[DEBUG] Configuring mojo org.apache.maven.plugins:maven-resources-plugin:2.7:resources from plugin realm ClassRealm[plugin>org.apache.maven.plugins:maven-resources-plugin:2.7, parent: sun.misc.Launcher$AppClassLoader@5c647e05]
[DEBUG] Configuring mojo 'org.apache.maven.plugins:maven-resources-plugin:2.7:resources' with basic configurator -->
[DEBUG]   (f) buildFilters = []
[DEBUG]   (s) delimiters = [@]
[DEBUG]   (f) encoding = UTF-8
[DEBUG]   (f) escapeWindowsPaths = true
[DEBUG]   (s) includeEmptyDirs = false
[DEBUG]   (s) outputDirectory = C:\Users\PavelJ\IdeaProjects\ejbtest\target\classes
[DEBUG]   (s) overwrite = false
[DEBUG]   (f) project = MavenProject: cz.bsc.g8.rbcz:ejb-client-test:1.0-SNAPSHOT @ C:\Users\PavelJ\IdeaProjects\ejbtest\pom.xml
[DEBUG]   (s) resources = [Resource {targetPath: null, filtering: true, FileSet {directory: C:\Users\PavelJ\IdeaProjects\ejbtest\src\main\resources, PatternSet [includes: {**/application*.yml, **/application*.yaml, **/application*.properties}, excludes: {}]}}, Resource {targetPath: null, filtering: false, FileSet {directory: C:\Users\PavelJ\IdeaProjects\ejbtest\src\main\resources, PatternSet [includes: {}, excludes: {**/application*.yml, **/application*.yaml, **/application*.properties}]}}]
[DEBUG]   (f) session = org.apache.maven.execution.MavenSession@2e6ee0bc
[DEBUG]   (f) supportMultiLineFiltering = false
[DEBUG]   (f) useBuildFilters = true
[DEBUG]   (s) useDefaultDelimiters = false
[DEBUG] -- end configuration --
[DEBUG] properties used {statsd-client.version=3.1.0, env.JVMCONFIG=\.mvn\jvm.config, env.PROCESSOR_IDENTIFIER=Intel64 Family 6 Model 158 Stepping 10, GenuineIntel, jaxen.version=1.1.6, xml-apis.version=1.4.01, spring.version=4.3.25.RELEASE, env.COMMONPROGRAMFILES=C:\Program Files\Common Files, janino.version=2.7.8, htmlunit.version=2.21, maven-source-plugin.version=2.4, user.dir=C:\Users\PavelJ\IdeaProjects\ejbtest, sonar.host.url=http://sonarqube1.bscpraha.cz:9000/sonar, java.vm.version=25.202-b08, env.USERPROFILE=C:\Users\PavelJ, env.JAVACMD=C:\Program Files\Java\jdk1.8.0_202\bin\java.exe, selenium.version=2.53.1, versions-maven-plugin.version=2.2, jackson.version=2.8.11.20181123, thymeleaf-extras-java8time.version=2.1.0.RELEASE, env.CLASSWORLDS_JAR="C:\programs\apache-maven-3.6.0\bin\..\boot\plexus-classworlds-2.5.2.jar", sun.os.patch.level=, snakeyaml.version=1.17, spring-mobile.version=1.1.5.RELEASE, javax-validation.version=1.1.0.Final, jetty.version=9.4.19.v20190610, java.vm.specification.name=Java Virtual Machine Specification, httpclient.version=4.5.9, solr.version=5.5.5, tomcat.version=8.5.43, spring-kafka.version=1.1.8.RELEASE, jboss-transaction-spi.version=7.6.0.Final, env.WDIR=C:\, jdom2.version=2.0.6, os.name=Windows 10, spring-security-oauth.version=2.0.18.RELEASE, env.LOCALAPPDATA=C:\Users\PavelJ\AppData\Local, env.TMP=C:\Users\PavelJ\AppData\Local\Temp, env.USERDOMAIN_ROAMINGPROFILE=DESKTOP-IBHESUB, maven.version=3.6.0, maven-install-plugin.version=2.5.2, log4j2.version=2.7, java.vendor.url.bug=http://bugreport.sun.com/bugreport/, env.ERROR_CODE=0, os.arch=amd64, user.name=PavelJ, servlet-api.version=3.1.0, activemq.version=5.14.5, aspectj.version=1.8.14, sun.java.command=org.codehaus.plexus.classworlds.launcher.Launcher -X clean package, ehcache.version=2.10.5, env.MAVEN_OPTS=-Dfile.encoding=UTF-8 -Djavax.xml.accessExternalSchema=all, project.reporting.outputEncoding=UTF-8, undertow.version=1.4.27.Final, querydsl.version=4.1.4, mssql-jdbc.version=6.1.0.jre7, env.OS=Windows_NT, user.country=CZ, env.PROCESSOR_ARCHITECTURE=AMD64, slf4j.version=1.7.26, spring-integration-java-dsl.version=1.2.3.RELEASE, reactor.version=2.0.8.RELEASE, spring-loaded.version=1.2.8.RELEASE, java.endorsed.dirs=C:\Program Files\Java\jdk1.8.0_202\jre\lib\endorsed, env.TEMP=C:\Users\PavelJ\AppData\Local\Temp, maven-dependency-plugin.version=2.10, ehcache3.version=3.2.3, junit.version=4.12, java.vm.specification.version=1.8, spring-data-releasetrain.version=Ingalls-SR23, env.PROMPT=$P$G, java.vendor=Oracle Corporation, javassist.version=3.21.0-GA, hamcrest.version=1.3, spring-restdocs.version=1.1.3.RELEASE, file.separator=\, flyway.version=3.2.1, antlr2.version=2.7.7, commons-collections.version=3.2.2, user.variant=, unboundid-ldapsdk.version=3.2.1, exec-maven-plugin.version=1.5.0, atomikos.version=3.9.3, jolokia.version=1.3.7, env.WINDIR=C:\Windows, sun.java.launcher=SUN_STANDARD, mockito.version=1.10.19, spring-ldap.version=2.3.2.RELEASE, maven-antrun-plugin.version=1.8, hazelcast-hibernate4.version=3.7.1, hikaricp-java7.version=2.4.13, commons-pool2.version=2.4.3, java.library.path=C:\Program Files\Java\jdk1.8.0_202\bin;C:\Windows\Sun\Java\bin;C:\Windows\system32;C:\Windows;C:\Program Files\JetBrains\IntelliJ IDEA Community Edition 2019.2\jbr\\bin;C:\Program Files\JetBrains\IntelliJ IDEA Community Edition 2019.2\jbr\\bin\server;C:\Program Files\Python37\Scripts\;C:\Program Files\Python37\;C:\Program Files (x86)\Common Files\Oracle\Java\javapath;C:\Program Files (x86)\Intel\Intel(R) Management Engine Components\iCLS\;C:\Program Files\Intel\Intel(R) Management Engine Components\iCLS\;C:\Windows\system32;C:\Windows;C:\Windows\System32\Wbem;C:\Windows\System32\WindowsPowerShell\v1.0\;C:\Windows\System32\OpenSSH\;C:\Program Files (x86)\Intel\Intel(R) Management Engine Components\DAL;C:\Program Files\Intel\Intel(R) Management Engine Components\DAL;C:\Program Files\Intel\WiFi\bin\;C:\Program Files\Common Files\Intel\WirelessCommon\;C:\Program Files (x86)\NVIDIA Corporation\PhysX\Common;C:\Program Files\PuTTY\;C:\Program Files\Git\cmd;c:\Users\PavelJ\IdeaProjects\rbcz-performance\apache-jmeter-3.1\bin;C:\programs\apache-maven-3.6.0\bin;C:\dev\Android\platform-tools;C:\Program Files\gnuplot\bin;C:\Users\PavelJ\AppData\Local\Microsoft\WindowsApps;C:\Program Files\Fiddler;., env.M2=C:\programs\apache-maven-3.6.0\bin, glassfish-el.version=3.0.0, classworlds.conf=C:\programs\apache-maven-3.6.0\bin\..\bin\m2.conf, jmustache.version=1.13, project.build.sourceEncoding=UTF-8, sun.arch.data.model=64, env.TERMINAL_EMULATOR=JetBrains-JediTerm, env.PATH=C:\Program Files\JetBrains\IntelliJ IDEA Community Edition 2019.2\jbr\\bin;C:\Program Files\JetBrains\IntelliJ IDEA Community Edition 2019.2\jbr\\bin\server;C:\Program Files\Python37\Scripts\;C:\Program Files\Python37\;C:\Program Files (x86)\Common Files\Oracle\Java\javapath;C:\Program Files (x86)\Intel\Intel(R) Management Engine Components\iCLS\;C:\Program Files\Intel\Intel(R) Management Engine Components\iCLS\;C:\Windows\system32;C:\Windows;C:\Windows\System32\Wbem;C:\Windows\System32\WindowsPowerShell\v1.0\;C:\Windows\System32\OpenSSH\;C:\Program Files (x86)\Intel\Intel(R) Management Engine Components\DAL;C:\Program Files\Intel\Intel(R) Management Engine Components\DAL;C:\Program Files\Intel\WiFi\bin\;C:\Program Files\Common Files\Intel\WirelessCommon\;C:\Program Files (x86)\NVIDIA Corporation\PhysX\Common;C:\Program Files\PuTTY\;C:\Program Files\Git\cmd;c:\Users\PavelJ\IdeaProjects\rbcz-performance\apache-jmeter-3.1\bin;C:\programs\apache-maven-3.6.0\bin;C:\dev\Android\platform-tools;C:\Program Files\gnuplot\bin;C:\Users\PavelJ\AppData\Local\Microsoft\WindowsApps;C:\Program Files\Fiddler, maven.javadoc.skip=true, path.separator=;, git-commit-id-plugin.version=2.2.6, env.USERDOMAIN=DESKTOP-IBHESUB, webjars-locator.version=0.32-1, sun.io.unicode.encoding=UnicodeLittle, maven-invoker-plugin.version=1.10, httpcore.version=4.4.11, env.PROGRAMW6432=C:\Program Files, commons-digester.version=2.1, user.language=cs, jaybird.version=2.2.15, reactor-spring.version=2.0.7.RELEASE, joda-time.version=2.9.9, appengine-sdk.version=1.9.76, spock.version=1.0-groovy-2.4, env.=C:=C:\Users\PavelJ\IdeaProjects\ejbtest, maven.compiler.source=1.8, java.class.version=52.0, couchbase-client.version=2.3.7, jboss-logging.version=3.3.2.Final, crashub.version=1.3.2, maven-javadoc-plugin.version=2.10.4, mariadb.version=1.5.9, commons-dbcp.version=1.4, jooq.version=3.9.6, file.encoding.pkg=sun.io, sun.cpu.endian=little, env.=EXITCODE=00000001, env.COMPUTERNAME=DESKTOP-IBHESUB, maven.compiler.target=1.8, cassandra-driver.version=3.1.4, env.LOGONSERVER=\\DESKTOP-IBHESUB, maven-site-plugin.version=3.5.1, groovy.version=2.4.17, java.home=C:\Program Files\Java\jdk1.8.0_202\jre, jetty-el.version=8.0.33, maven-eclipse-plugin.version=2.10, spring-batch.version=3.0.10.RELEASE, env.MTPPKROOT=C:\WMSDK\MTPPK12\Responder, maven.home=C:\programs\apache-maven-3.6.0\bin\.., maven-shade-plugin.version=2.4.3, maven-enforcer-plugin.version=1.4.1, commons-pool.version=1.6, env.NUMBER_OF_PROCESSORS=12, maven-war-plugin.version=2.6, spring-security-jwt.version=1.0.10.RELEASE, httpasyncclient.version=4.1.4, besim.workspaceRootDir=c:\Users\jira\IdeaProjects\rbcz-besim\data\rules, couchbase-cache-client.version=2.1.0, commons-dbcp2.version=2.1.1, maven-failsafe-plugin.version=2.18.1, dom4j.version=1.6.1, liquibase.version=3.5.5, sun.management.compiler=HotSpot 64-Bit Tiered Compilers, wsdl4j.version=1.6.3, library.jansi.path=C:\programs\apache-maven-3.6.0\bin\..\lib\jansi-native, json-path.version=2.2.0, jsonassert.version=1.4.0, hazelcast.version=3.7.8, env.GNUPLOT_LIB=C:\Program Files\gnuplot\demo;C:\Program Files\gnuplot\demo\games;C:\Program Files\gnuplot\share, env.PUBLIC=C:\Users\Public, javax-transaction.version=1.2, h2.version=1.4.199, thymeleaf-extras-conditionalcomments.version=2.1.2.RELEASE, spring-retry.version=1.2.4.RELEASE, maven-clean-plugin.version=2.6.1, spring-plugin.version=1.2.0.RELEASE, java.vm.specification.vendor=Oracle Corporation, dropwizard-metrics.version=3.1.5, java.vm.name=Java HotSpot(TM) 64-Bit Server VM, narayana.version=5.5.34.Final, java.io.tmpdir=C:\Users\PavelJ\AppData\Local\Temp\, java.vendor.url=http://java.oracle.com/, lombok.version=1.16.22, sonar.login=sonarqube, sun.boot.library.path=C:\Program Files\Java\jdk1.8.0_202\jre\bin, spring-social-twitter.version=1.1.2.RELEASE, derby.version=10.13.1.1, env.MAVEN_HOME=C:\programs\apache-maven-3.6.0\bin\.., gson.version=2.8.5, spring-session.version=1.3.5.RELEASE, commons-beanutils.version=1.9.3, spring-social-linkedin.version=1.0.2.RELEASE, thymeleaf-extras-springsecurity4.version=2.1.3.RELEASE, spring-security.version=4.2.13.RELEASE, java.runtime.name=Java(TM) SE Runtime Environment, maven-resources-plugin.version=2.7, maven.conf=C:\programs\apache-maven-3.6.0\bin\../conf, assertj.version=2.6.0, sun.cpu.isalist=amd64, sun.stderr.encoding=cp437, spring-amqp.version=1.7.14.RELEASE, hibernate-validator.version=5.3.6.Final, spring-social-facebook.version=2.0.3.RELEASE, maven.multiModuleProjectDirectory=C:\Users\PavelJ\IdeaProjects\ejbtest, env.ALLUSERSPROFILE=C:\ProgramData, commons-codec.version=1.10, user.home=C:\Users\PavelJ, env.JAVA_HOME=C:\Program Files\Java\jdk1.8.0_202, mongodb.version=3.4.3, env.PROCESSOR_REVISION=9e0a, java.specification.name=Java Platform API Specification, env.COMMONPROGRAMW6432=C:\Program Files\Common Files, env.__INTELLIJ_COMMAND_HISTFILE__=C:\Users\PavelJ\.IdeaIC2019.2\config\terminal\history\history-7, logback.version=1.1.11, env.ONEDRIVE=C:\Users\PavelJ\OneDrive, env.PROGRAMDATA=C:\ProgramData, java.specification.vendor=Oracle Corporation, maven-help-plugin.version=2.2, rabbit-amqp-client.version=4.8.3, java.version=1.8.0_202, thymeleaf.version=2.1.6.RELEASE, env.PROGRAMFILES=C:\Program Files, embedded-mongo.version=1.50.5, postgresql.version=9.4.1212.jre7, hsqldb.version=2.3.6, gradle.version=2.9, sonar.password=Password808+, env.EXEC_DIR=C:\Users\PavelJ\IdeaProjects\ejbtest, hazelcast-hibernate5.version=1.1.3, javax-mail.version=1.5.6, env.PROCESSOR_LEVEL=6, env.M2_HOME=C:\programs\apache-maven-3.6.0, webjars-hal-browser.version=9f96c74, env.COMMONPROGRAMFILES(X86)=C:\Program Files (x86)\Common Files, env.MAVEN_PROJECTBASEDIR=C:\Users\PavelJ\IdeaProjects\ejbtest, jersey.version=2.25.1, jna.version=4.2.2, line.separator=
, java.specification.version=1.8, java.vm.info=mixed mode, spring-cloud-connectors.version=1.2.9.RELEASE, env.HOMEDRIVE=C:, sun.boot.class.path=C:\Program Files\Java\jdk1.8.0_202\jre\lib\resources.jar;C:\Program Files\Java\jdk1.8.0_202\jre\lib\rt.jar;C:\Program Files\Java\jdk1.8.0_202\jre\lib\sunrsasign.jar;C:\Program Files\Java\jdk1.8.0_202\jre\lib\jsse.jar;C:\Program Files\Java\jdk1.8.0_202\jre\lib\jce.jar;C:\Program Files\Java\jdk1.8.0_202\jre\lib\charsets.jar;C:\Program Files\Java\jdk1.8.0_202\jre\lib\jfr.jar;C:\Program Files\Java\jdk1.8.0_202\jre\classes, spring-social.version=1.1.6.RELEASE, build-helper-maven-plugin.version=1.10, bitronix.version=2.1.4, maven-deploy-plugin.version=2.8.2, jetty-jsp.version=2.2.0.v201112011158, env.APPDATA=C:\Users\PavelJ\AppData\Roaming, env.DRIVERDATA=C:\Windows\System32\Drivers\DriverData, jms-api.version=1.1-rev-1, infinispan.version=8.2.11.Final, env.PATHEXT=.COM;.EXE;.BAT;.CMD;.VBS;.VBE;.JS;.JSE;.WSF;.WSH;.MSC;.PY;.PYW, nekohtml.version=1.9.22, env.COMSPEC=C:\Windows\system32\cmd.exe, java.awt.printerjob=sun.awt.windows.WPrinterJob, jstl.version=1.2, sun.jnu.encoding=Cp1252, json.version=20140107, hibernate.version=5.0.12.Final, java.runtime.version=1.8.0_202-b08, sendgrid.version=2.2.2, maven.build.version=Apache Maven 3.6.0 (97c98ec64a1fdfee7767ce5ffb20918da4f719f3; 2018-10-24T20:41:47+02:00), user.timezone=, resource.delimiter=@, javax.xml.accessExternalSchema=all, mysql.version=5.1.48, env.PSMODULEPATH=C:\Program Files\WindowsPowerShell\Modules;C:\Windows\system32\WindowsPowerShell\v1.0\Modules, hikaricp.version=2.5.1, spring-hateoas.version=0.23.0.RELEASE, java.ext.dirs=C:\Program Files\Java\jdk1.8.0_202\jre\lib\ext;C:\Windows\Sun\Java\lib\ext, env.MAVEN_CMD_LINE_ARGS=-X clean package, caffeine.version=2.3.5, hikaricp-java6.version=2.3.13, spring-integration.version=4.3.21.RELEASE, jest.version=2.0.4, java.class.path=C:\programs\apache-maven-3.6.0\bin\..\boot\plexus-classworlds-2.5.2.jar, maven-jar-plugin.version=2.6, env.USERNAME=PavelJ, os.version=10.0, neo4j-ogm.version=2.1.6, env.HOMEPATH=\Users\PavelJ, thymeleaf-layout-dialect.version=1.4.0, sqlite-jdbc.version=3.15.1, sun.desktop=windows, classmate.version=1.3.4, javax-cache.version=1.0.0, java.awt.graphicsenv=sun.awt.Win32GraphicsEnvironment, jedis.version=2.9.3, maven-compiler-plugin.version=3.1, java.vm.vendor=Oracle Corporation, maven-assembly-plugin.version=2.6, gemfire.version=8.2.13, elasticsearch.version=2.4.6, freemarker.version=2.3.28, thymeleaf-extras-data-attribute.version=1.3, env.SYSTEMDRIVE=C:, env.CLASSWORLDS_LAUNCHER=org.codehaus.plexus.classworlds.launcher.Launcher, user.script=, selenium-htmlunit.version=2.21, sun-mail.version=1.5.6, artemis.version=1.5.6, maven-surefire-plugin.version=2.18.1, jtds.version=1.3.1, env.PROGRAMFILES(X86)=C:\Program Files (x86), simple-json.version=1.1.1, env.SYSTEMROOT=C:\Windows, spring-ws.version=2.4.5.RELEASE, file.encoding=UTF-8, awt.toolkit=sun.awt.windows.WToolkit, env.__COMPAT_LAYER=RunAsAdmin}
[INFO] Using 'UTF-8' encoding to copy filtered resources.
[DEBUG] resource with targetPath null
directory C:\Users\PavelJ\IdeaProjects\ejbtest\src\main\resources
excludes []
includes [**/application*.yml, **/application*.yaml, **/application*.properties]
[DEBUG] ignoreDelta true
[INFO] Copying 0 resource
[DEBUG] resource with targetPath null
directory C:\Users\PavelJ\IdeaProjects\ejbtest\src\main\resources
excludes [**/application*.yml, **/application*.yaml, **/application*.properties]
includes []
[DEBUG] ignoreDelta true
[INFO] Copying 1 resource
[DEBUG] file test-ejb-remote-1.0-SNAPSHOT.jar has a filtered file extension
[DEBUG] copy C:\Users\PavelJ\IdeaProjects\ejbtest\src\main\resources\lib\test-ejb-remote-1.0-SNAPSHOT.jar to C:\Users\PavelJ\IdeaProjects\ejbtest\target\classes\lib\test-ejb-remote-1.0-SNAPSHOT.jar
[DEBUG] no use filter components
[INFO] 
[INFO] --- maven-compiler-plugin:3.1:compile (default-compile) @ ejb-client-test ---
[DEBUG] Dependency collection stats: {ConflictMarker.analyzeTime=218600, ConflictMarker.markTime=94000, ConflictMarker.nodeCount=160, ConflictIdSorter.graphTime=101500, ConflictIdSorter.topsortTime=21900, ConflictIdSorter.conflictIdCount=43, ConflictIdSorter.conflictIdCycleCount=0, ConflictResolver.totalTime=645900, ConflictResolver.conflictItemCount=63, DefaultDependencyCollector.collectTime=74803300, DefaultDependencyCollector.transformTime=1093800}
[DEBUG] org.apache.maven.plugins:maven-compiler-plugin:jar:3.1:
[DEBUG]    org.apache.maven:maven-plugin-api:jar:2.0.9:compile
[DEBUG]    org.apache.maven:maven-artifact:jar:2.0.9:compile
[DEBUG]       org.codehaus.plexus:plexus-utils:jar:1.5.1:compile
[DEBUG]    org.apache.maven:maven-core:jar:2.0.9:compile
[DEBUG]       org.apache.maven:maven-settings:jar:2.0.9:compile
[DEBUG]       org.apache.maven:maven-plugin-parameter-documenter:jar:2.0.9:compile
[DEBUG]       org.apache.maven:maven-profile:jar:2.0.9:compile
[DEBUG]       org.apache.maven:maven-model:jar:2.0.9:compile
[DEBUG]       org.apache.maven:maven-repository-metadata:jar:2.0.9:compile
[DEBUG]       org.apache.maven:maven-error-diagnostics:jar:2.0.9:compile
[DEBUG]       org.apache.maven:maven-project:jar:2.0.9:compile
[DEBUG]          org.apache.maven:maven-plugin-registry:jar:2.0.9:compile
[DEBUG]       org.apache.maven:maven-plugin-descriptor:jar:2.0.9:compile
[DEBUG]       org.apache.maven:maven-artifact-manager:jar:2.0.9:compile
[DEBUG]       org.apache.maven:maven-monitor:jar:2.0.9:compile
[DEBUG]    org.apache.maven:maven-toolchain:jar:1.0:compile
[DEBUG]    org.apache.maven.shared:maven-shared-utils:jar:0.1:compile
[DEBUG]       com.google.code.findbugs:jsr305:jar:2.0.1:compile
[DEBUG]    org.apache.maven.shared:maven-shared-incremental:jar:1.1:compile
[DEBUG]       org.codehaus.plexus:plexus-component-annotations:jar:1.5.5:compile
[DEBUG]    org.codehaus.plexus:plexus-compiler-api:jar:2.2:compile
[DEBUG]    org.codehaus.plexus:plexus-compiler-manager:jar:2.2:compile
[DEBUG]    org.codehaus.plexus:plexus-compiler-javac:jar:2.2:runtime
[DEBUG]    org.codehaus.plexus:plexus-container-default:jar:1.5.5:compile
[DEBUG]       org.codehaus.plexus:plexus-classworlds:jar:2.2.2:compile
[DEBUG]       org.apache.xbean:xbean-reflect:jar:3.4:compile
[DEBUG]          log4j:log4j:jar:1.2.12:compile
[DEBUG]          commons-logging:commons-logging-api:jar:1.1:compile
[DEBUG]       com.google.collections:google-collections:jar:1.0:compile
[DEBUG]       junit:junit:jar:3.8.2:compile
[DEBUG] Created new class realm plugin>org.apache.maven.plugins:maven-compiler-plugin:3.1
[DEBUG] Importing foreign packages into class realm plugin>org.apache.maven.plugins:maven-compiler-plugin:3.1
[DEBUG]   Imported:  < maven.api
[DEBUG] Populating class realm plugin>org.apache.maven.plugins:maven-compiler-plugin:3.1
[DEBUG]   Included: org.apache.maven.plugins:maven-compiler-plugin:jar:3.1
[DEBUG]   Included: org.codehaus.plexus:plexus-utils:jar:1.5.1
[DEBUG]   Included: org.apache.maven.shared:maven-shared-utils:jar:0.1
[DEBUG]   Included: com.google.code.findbugs:jsr305:jar:2.0.1
[DEBUG]   Included: org.apache.maven.shared:maven-shared-incremental:jar:1.1
[DEBUG]   Included: org.codehaus.plexus:plexus-component-annotations:jar:1.5.5
[DEBUG]   Included: org.codehaus.plexus:plexus-compiler-api:jar:2.2
[DEBUG]   Included: org.codehaus.plexus:plexus-compiler-manager:jar:2.2
[DEBUG]   Included: org.codehaus.plexus:plexus-compiler-javac:jar:2.2
[DEBUG]   Included: org.apache.xbean:xbean-reflect:jar:3.4
[DEBUG]   Included: log4j:log4j:jar:1.2.12
[DEBUG]   Included: commons-logging:commons-logging-api:jar:1.1
[DEBUG]   Included: com.google.collections:google-collections:jar:1.0
[DEBUG]   Included: junit:junit:jar:3.8.2
[DEBUG] Configuring mojo org.apache.maven.plugins:maven-compiler-plugin:3.1:compile from plugin realm ClassRealm[plugin>org.apache.maven.plugins:maven-compiler-plugin:3.1, parent: sun.misc.Launcher$AppClassLoader@5c647e05]
[DEBUG] Configuring mojo 'org.apache.maven.plugins:maven-compiler-plugin:3.1:compile' with basic configurator -->
[DEBUG]   (f) basedir = C:\Users\PavelJ\IdeaProjects\ejbtest
[DEBUG]   (f) buildDirectory = C:\Users\PavelJ\IdeaProjects\ejbtest\target
[DEBUG]   (f) classpathElements = [C:\Users\PavelJ\IdeaProjects\ejbtest\target\classes, C:\Users\PavelJ\.m2\repository\org\springframework\boot\spring-boot-starter-web\1.5.22.RELEASE\spring-boot-starter-web-1.5.22.RELEASE.jar, C:\Users\PavelJ\.m2\repository\org\springframework\boot\spring-boot-starter\1.5.22.RELEASE\spring-boot-starter-1.5.22.RELEASE.jar, C:\Users\PavelJ\.m2\repository\org\springframework\boot\spring-boot\1.5.22.RELEASE\spring-boot-1.5.22.RELEASE.jar, C:\Users\PavelJ\.m2\repository\org\springframework\boot\spring-boot-autoconfigure\1.5.22.RELEASE\spring-boot-autoconfigure-1.5.22.RELEASE.jar, C:\Users\PavelJ\.m2\repository\org\springframework\boot\spring-boot-starter-logging\1.5.22.RELEASE\spring-boot-starter-logging-1.5.22.RELEASE.jar, C:\Users\PavelJ\.m2\repository\ch\qos\logback\logback-classic\1.1.11\logback-classic-1.1.11.jar, C:\Users\PavelJ\.m2\repository\ch\qos\logback\logback-core\1.1.11\logback-core-1.1.11.jar, C:\Users\PavelJ\.m2\repository\org\slf4j\slf4j-api\1.7.26\slf4j-api-1.7.26.jar, C:\Users\PavelJ\.m2\repository\org\slf4j\jcl-over-slf4j\1.7.26\jcl-over-slf4j-1.7.26.jar, C:\Users\PavelJ\.m2\repository\org\slf4j\jul-to-slf4j\1.7.26\jul-to-slf4j-1.7.26.jar, C:\Users\PavelJ\.m2\repository\org\slf4j\log4j-over-slf4j\1.7.26\log4j-over-slf4j-1.7.26.jar, C:\Users\PavelJ\.m2\repository\org\springframework\spring-core\4.3.25.RELEASE\spring-core-4.3.25.RELEASE.jar, C:\Users\PavelJ\.m2\repository\org\springframework\boot\spring-boot-starter-tomcat\1.5.22.RELEASE\spring-boot-starter-tomcat-1.5.22.RELEASE.jar, C:\Users\PavelJ\.m2\repository\org\apache\tomcat\embed\tomcat-embed-core\8.5.43\tomcat-embed-core-8.5.43.jar, C:\Users\PavelJ\.m2\repository\org\apache\tomcat\tomcat-annotations-api\8.5.43\tomcat-annotations-api-8.5.43.jar, C:\Users\PavelJ\.m2\repository\org\apache\tomcat\embed\tomcat-embed-el\8.5.43\tomcat-embed-el-8.5.43.jar, C:\Users\PavelJ\.m2\repository\org\hibernate\hibernate-validator\5.3.6.Final\hibernate-validator-5.3.6.Final.jar, C:\Users\PavelJ\.m2\repository\javax\validation\validation-api\1.1.0.Final\validation-api-1.1.0.Final.jar, C:\Users\PavelJ\.m2\repository\org\jboss\logging\jboss-logging\3.3.2.Final\jboss-logging-3.3.2.Final.jar, C:\Users\PavelJ\.m2\repository\com\fasterxml\classmate\1.3.4\classmate-1.3.4.jar, C:\Users\PavelJ\.m2\repository\com\fasterxml\jackson\core\jackson-databind\2.8.11.3\jackson-databind-2.8.11.3.jar, C:\Users\PavelJ\.m2\repository\com\fasterxml\jackson\core\jackson-annotations\2.8.0\jackson-annotations-2.8.0.jar, C:\Users\PavelJ\.m2\repository\com\fasterxml\jackson\core\jackson-core\2.8.11\jackson-core-2.8.11.jar, C:\Users\PavelJ\.m2\repository\org\springframework\spring-web\4.3.25.RELEASE\spring-web-4.3.25.RELEASE.jar, C:\Users\PavelJ\.m2\repository\org\springframework\spring-aop\4.3.25.RELEASE\spring-aop-4.3.25.RELEASE.jar, C:\Users\PavelJ\.m2\repository\org\springframework\spring-beans\4.3.25.RELEASE\spring-beans-4.3.25.RELEASE.jar, C:\Users\PavelJ\.m2\repository\org\springframework\spring-context\4.3.25.RELEASE\spring-context-4.3.25.RELEASE.jar, C:\Users\PavelJ\.m2\repository\org\springframework\spring-webmvc\4.3.25.RELEASE\spring-webmvc-4.3.25.RELEASE.jar, C:\Users\PavelJ\.m2\repository\org\springframework\spring-expression\4.3.25.RELEASE\spring-expression-4.3.25.RELEASE.jar, C:\Users\PavelJ\.m2\repository\javax\javaee-api\7.0\javaee-api-7.0.jar, C:\Users\PavelJ\.m2\repository\com\sun\mail\javax.mail\1.5.6\javax.mail-1.5.6.jar, C:\Users\PavelJ\.m2\repository\javax\activation\activation\1.1\activation-1.1.jar, C:\Users\PavelJ\.m2\repository\cz\bsc\g8\rbcz\ejb-server-test\1.0-SNAPSHOT\ejb-server-test-1.0-SNAPSHOT.jar]
[DEBUG]   (f) compileSourceRoots = [C:\Users\PavelJ\IdeaProjects\ejbtest\src\main\java]
[DEBUG]   (f) compilerId = javac
[DEBUG]   (f) debug = true
[DEBUG]   (f) encoding = UTF-8
[DEBUG]   (f) failOnError = true
[DEBUG]   (f) forceJavacCompilerUse = false
[DEBUG]   (f) fork = false
[DEBUG]   (f) generatedSourcesDirectory = C:\Users\PavelJ\IdeaProjects\ejbtest\target\generated-sources\annotations
[DEBUG]   (f) mojoExecution = org.apache.maven.plugins:maven-compiler-plugin:3.1:compile {execution: default-compile}
[DEBUG]   (f) optimize = false
[DEBUG]   (f) outputDirectory = C:\Users\PavelJ\IdeaProjects\ejbtest\target\classes
[DEBUG]   (f) projectArtifact = cz.bsc.g8.rbcz:ejb-client-test:war:1.0-SNAPSHOT
[DEBUG]   (f) showDeprecation = false
[DEBUG]   (f) showWarnings = false
[DEBUG]   (f) skipMultiThreadWarning = false
[DEBUG]   (f) source = 1.8
[DEBUG]   (f) staleMillis = 0
[DEBUG]   (f) target = 1.8
[DEBUG]   (f) useIncrementalCompilation = true
[DEBUG]   (f) verbose = false
[DEBUG]   (f) mavenSession = org.apache.maven.execution.MavenSession@2e6ee0bc
[DEBUG]   (f) session = org.apache.maven.execution.MavenSession@2e6ee0bc
[DEBUG] -- end configuration --
[DEBUG] Using compiler 'javac'.
[DEBUG] Source directories: [C:\Users\PavelJ\IdeaProjects\ejbtest\src\main\java]
[DEBUG] Classpath: [C:\Users\PavelJ\IdeaProjects\ejbtest\target\classes
 C:\Users\PavelJ\.m2\repository\org\springframework\boot\spring-boot-starter-web\1.5.22.RELEASE\spring-boot-starter-web-1.5.22.RELEASE.jar
 C:\Users\PavelJ\.m2\repository\org\springframework\boot\spring-boot-starter\1.5.22.RELEASE\spring-boot-starter-1.5.22.RELEASE.jar
 C:\Users\PavelJ\.m2\repository\org\springframework\boot\spring-boot\1.5.22.RELEASE\spring-boot-1.5.22.RELEASE.jar
 C:\Users\PavelJ\.m2\repository\org\springframework\boot\spring-boot-autoconfigure\1.5.22.RELEASE\spring-boot-autoconfigure-1.5.22.RELEASE.jar
 C:\Users\PavelJ\.m2\repository\org\springframework\boot\spring-boot-starter-logging\1.5.22.RELEASE\spring-boot-starter-logging-1.5.22.RELEASE.jar
 C:\Users\PavelJ\.m2\repository\ch\qos\logback\logback-classic\1.1.11\logback-classic-1.1.11.jar
 C:\Users\PavelJ\.m2\repository\ch\qos\logback\logback-core\1.1.11\logback-core-1.1.11.jar
 C:\Users\PavelJ\.m2\repository\org\slf4j\slf4j-api\1.7.26\slf4j-api-1.7.26.jar
 C:\Users\PavelJ\.m2\repository\org\slf4j\jcl-over-slf4j\1.7.26\jcl-over-slf4j-1.7.26.jar
 C:\Users\PavelJ\.m2\repository\org\slf4j\jul-to-slf4j\1.7.26\jul-to-slf4j-1.7.26.jar
 C:\Users\PavelJ\.m2\repository\org\slf4j\log4j-over-slf4j\1.7.26\log4j-over-slf4j-1.7.26.jar
 C:\Users\PavelJ\.m2\repository\org\springframework\spring-core\4.3.25.RELEASE\spring-core-4.3.25.RELEASE.jar
 C:\Users\PavelJ\.m2\repository\org\springframework\boot\spring-boot-starter-tomcat\1.5.22.RELEASE\spring-boot-starter-tomcat-1.5.22.RELEASE.jar
 C:\Users\PavelJ\.m2\repository\org\apache\tomcat\embed\tomcat-embed-core\8.5.43\tomcat-embed-core-8.5.43.jar
 C:\Users\PavelJ\.m2\repository\org\apache\tomcat\tomcat-annotations-api\8.5.43\tomcat-annotations-api-8.5.43.jar
 C:\Users\PavelJ\.m2\repository\org\apache\tomcat\embed\tomcat-embed-el\8.5.43\tomcat-embed-el-8.5.43.jar
 C:\Users\PavelJ\.m2\repository\org\hibernate\hibernate-validator\5.3.6.Final\hibernate-validator-5.3.6.Final.jar
 C:\Users\PavelJ\.m2\repository\javax\validation\validation-api\1.1.0.Final\validation-api-1.1.0.Final.jar
 C:\Users\PavelJ\.m2\repository\org\jboss\logging\jboss-logging\3.3.2.Final\jboss-logging-3.3.2.Final.jar
 C:\Users\PavelJ\.m2\repository\com\fasterxml\classmate\1.3.4\classmate-1.3.4.jar
 C:\Users\PavelJ\.m2\repository\com\fasterxml\jackson\core\jackson-databind\2.8.11.3\jackson-databind-2.8.11.3.jar
 C:\Users\PavelJ\.m2\repository\com\fasterxml\jackson\core\jackson-annotations\2.8.0\jackson-annotations-2.8.0.jar
 C:\Users\PavelJ\.m2\repository\com\fasterxml\jackson\core\jackson-core\2.8.11\jackson-core-2.8.11.jar
 C:\Users\PavelJ\.m2\repository\org\springframework\spring-web\4.3.25.RELEASE\spring-web-4.3.25.RELEASE.jar
 C:\Users\PavelJ\.m2\repository\org\springframework\spring-aop\4.3.25.RELEASE\spring-aop-4.3.25.RELEASE.jar
 C:\Users\PavelJ\.m2\repository\org\springframework\spring-beans\4.3.25.RELEASE\spring-beans-4.3.25.RELEASE.jar
 C:\Users\PavelJ\.m2\repository\org\springframework\spring-context\4.3.25.RELEASE\spring-context-4.3.25.RELEASE.jar
 C:\Users\PavelJ\.m2\repository\org\springframework\spring-webmvc\4.3.25.RELEASE\spring-webmvc-4.3.25.RELEASE.jar
 C:\Users\PavelJ\.m2\repository\org\springframework\spring-expression\4.3.25.RELEASE\spring-expression-4.3.25.RELEASE.jar
 C:\Users\PavelJ\.m2\repository\javax\javaee-api\7.0\javaee-api-7.0.jar
 C:\Users\PavelJ\.m2\repository\com\sun\mail\javax.mail\1.5.6\javax.mail-1.5.6.jar
 C:\Users\PavelJ\.m2\repository\javax\activation\activation\1.1\activation-1.1.jar
 C:\Users\PavelJ\.m2\repository\cz\bsc\g8\rbcz\ejb-server-test\1.0-SNAPSHOT\ejb-server-test-1.0-SNAPSHOT.jar]
[DEBUG] Output directory: C:\Users\PavelJ\IdeaProjects\ejbtest\target\classes
[DEBUG] CompilerReuseStrategy: reuseCreated
[DEBUG] useIncrementalCompilation enabled
[DEBUG] Stale source detected: C:\Users\PavelJ\IdeaProjects\ejbtest\src\main\java\configuration\EJBConfiguration.java
[DEBUG] Stale source detected: C:\Users\PavelJ\IdeaProjects\ejbtest\src\main\java\controller\TestController.java
[DEBUG] Stale source detected: C:\Users\PavelJ\IdeaProjects\ejbtest\src\main\java\application\SpringBootApplicationLauncher.java
[INFO] Changes detected - recompiling the module!
[DEBUG] Classpath:
[DEBUG]  C:\Users\PavelJ\IdeaProjects\ejbtest\target\classes
[DEBUG]  C:\Users\PavelJ\.m2\repository\org\springframework\boot\spring-boot-starter-web\1.5.22.RELEASE\spring-boot-starter-web-1.5.22.RELEASE.jar
[DEBUG]  C:\Users\PavelJ\.m2\repository\org\springframework\boot\spring-boot-starter\1.5.22.RELEASE\spring-boot-starter-1.5.22.RELEASE.jar
[DEBUG]  C:\Users\PavelJ\.m2\repository\org\springframework\boot\spring-boot\1.5.22.RELEASE\spring-boot-1.5.22.RELEASE.jar
[DEBUG]  C:\Users\PavelJ\.m2\repository\org\springframework\boot\spring-boot-autoconfigure\1.5.22.RELEASE\spring-boot-autoconfigure-1.5.22.RELEASE.jar
[DEBUG]  C:\Users\PavelJ\.m2\repository\org\springframework\boot\spring-boot-starter-logging\1.5.22.RELEASE\spring-boot-starter-logging-1.5.22.RELEASE.jar
[DEBUG]  C:\Users\PavelJ\.m2\repository\ch\qos\logback\logback-classic\1.1.11\logback-classic-1.1.11.jar
[DEBUG]  C:\Users\PavelJ\.m2\repository\ch\qos\logback\logback-core\1.1.11\logback-core-1.1.11.jar
[DEBUG]  C:\Users\PavelJ\.m2\repository\org\slf4j\slf4j-api\1.7.26\slf4j-api-1.7.26.jar
[DEBUG]  C:\Users\PavelJ\.m2\repository\org\slf4j\jcl-over-slf4j\1.7.26\jcl-over-slf4j-1.7.26.jar
[DEBUG]  C:\Users\PavelJ\.m2\repository\org\slf4j\jul-to-slf4j\1.7.26\jul-to-slf4j-1.7.26.jar
[DEBUG]  C:\Users\PavelJ\.m2\repository\org\slf4j\log4j-over-slf4j\1.7.26\log4j-over-slf4j-1.7.26.jar
[DEBUG]  C:\Users\PavelJ\.m2\repository\org\springframework\spring-core\4.3.25.RELEASE\spring-core-4.3.25.RELEASE.jar
[DEBUG]  C:\Users\PavelJ\.m2\repository\org\springframework\boot\spring-boot-starter-tomcat\1.5.22.RELEASE\spring-boot-starter-tomcat-1.5.22.RELEASE.jar
[DEBUG]  C:\Users\PavelJ\.m2\repository\org\apache\tomcat\embed\tomcat-embed-core\8.5.43\tomcat-embed-core-8.5.43.jar
[DEBUG]  C:\Users\PavelJ\.m2\repository\org\apache\tomcat\tomcat-annotations-api\8.5.43\tomcat-annotations-api-8.5.43.jar
[DEBUG]  C:\Users\PavelJ\.m2\repository\org\apache\tomcat\embed\tomcat-embed-el\8.5.43\tomcat-embed-el-8.5.43.jar
[DEBUG]  C:\Users\PavelJ\.m2\repository\org\hibernate\hibernate-validator\5.3.6.Final\hibernate-validator-5.3.6.Final.jar
[DEBUG]  C:\Users\PavelJ\.m2\repository\javax\validation\validation-api\1.1.0.Final\validation-api-1.1.0.Final.jar
[DEBUG]  C:\Users\PavelJ\.m2\repository\org\jboss\logging\jboss-logging\3.3.2.Final\jboss-logging-3.3.2.Final.jar
[DEBUG]  C:\Users\PavelJ\.m2\repository\com\fasterxml\classmate\1.3.4\classmate-1.3.4.jar
[DEBUG]  C:\Users\PavelJ\.m2\repository\com\fasterxml\jackson\core\jackson-databind\2.8.11.3\jackson-databind-2.8.11.3.jar
[DEBUG]  C:\Users\PavelJ\.m2\repository\com\fasterxml\jackson\core\jackson-annotations\2.8.0\jackson-annotations-2.8.0.jar
[DEBUG]  C:\Users\PavelJ\.m2\repository\com\fasterxml\jackson\core\jackson-core\2.8.11\jackson-core-2.8.11.jar
[DEBUG]  C:\Users\PavelJ\.m2\repository\org\springframework\spring-web\4.3.25.RELEASE\spring-web-4.3.25.RELEASE.jar
[DEBUG]  C:\Users\PavelJ\.m2\repository\org\springframework\spring-aop\4.3.25.RELEASE\spring-aop-4.3.25.RELEASE.jar
[DEBUG]  C:\Users\PavelJ\.m2\repository\org\springframework\spring-beans\4.3.25.RELEASE\spring-beans-4.3.25.RELEASE.jar
[DEBUG]  C:\Users\PavelJ\.m2\repository\org\springframework\spring-context\4.3.25.RELEASE\spring-context-4.3.25.RELEASE.jar
[DEBUG]  C:\Users\PavelJ\.m2\repository\org\springframework\spring-webmvc\4.3.25.RELEASE\spring-webmvc-4.3.25.RELEASE.jar
[DEBUG]  C:\Users\PavelJ\.m2\repository\org\springframework\spring-expression\4.3.25.RELEASE\spring-expression-4.3.25.RELEASE.jar
[DEBUG]  C:\Users\PavelJ\.m2\repository\javax\javaee-api\7.0\javaee-api-7.0.jar
[DEBUG]  C:\Users\PavelJ\.m2\repository\com\sun\mail\javax.mail\1.5.6\javax.mail-1.5.6.jar
[DEBUG]  C:\Users\PavelJ\.m2\repository\javax\activation\activation\1.1\activation-1.1.jar
[DEBUG]  C:\Users\PavelJ\.m2\repository\cz\bsc\g8\rbcz\ejb-server-test\1.0-SNAPSHOT\ejb-server-test-1.0-SNAPSHOT.jar
[DEBUG] Source roots:
[DEBUG]  C:\Users\PavelJ\IdeaProjects\ejbtest\src\main\java
[DEBUG] Command line options:
[DEBUG] -d C:\Users\PavelJ\IdeaProjects\ejbtest\target\classes -classpath C:\Users\PavelJ\IdeaProjects\ejbtest\target\classes;C:\Users\PavelJ\.m2\repository\org\springframework\boot\spring-boot-starter-web\1.5.22.RELEASE\spring-boot-starter-web-1.5.22.RELEASE.jar;C:\Users\PavelJ\.m2\repository\org\springframework\boot\spring-boot-starter\1.5.22.RELEASE\spring-boot-starter-1.5.22.RELEASE.jar;C:\Users\PavelJ\.m2\repository\org\springframework\boot\spring-boot\1.5.22.RELEASE\spring-boot-1.5.22.RELEASE.jar;C:\Users\PavelJ\.m2\repository\org\springframework\boot\spring-boot-autoconfigure\1.5.22.RELEASE\spring-boot-autoconfigure-1.5.22.RELEASE.jar;C:\Users\PavelJ\.m2\repository\org\springframework\boot\spring-boot-starter-logging\1.5.22.RELEASE\spring-boot-starter-logging-1.5.22.RELEASE.jar;C:\Users\PavelJ\.m2\repository\ch\qos\logback\logback-classic\1.1.11\logback-classic-1.1.11.jar;C:\Users\PavelJ\.m2\repository\ch\qos\logback\logback-core\1.1.11\logback-core-1.1.11.jar;C:\Users\PavelJ\.m2\repository\org\slf4j\slf4j-api\1.7.26\slf4j-api-1.7.26.jar;C:\Users\PavelJ\.m2\repository\org\slf4j\jcl-over-slf4j\1.7.26\jcl-over-slf4j-1.7.26.jar;C:\Users\PavelJ\.m2\repository\org\slf4j\jul-to-slf4j\1.7.26\jul-to-slf4j-1.7.26.jar;C:\Users\PavelJ\.m2\repository\org\slf4j\log4j-over-slf4j\1.7.26\log4j-over-slf4j-1.7.26.jar;C:\Users\PavelJ\.m2\repository\org\springframework\spring-core\4.3.25.RELEASE\spring-core-4.3.25.RELEASE.jar;C:\Users\PavelJ\.m2\repository\org\springframework\boot\spring-boot-starter-tomcat\1.5.22.RELEASE\spring-boot-starter-tomcat-1.5.22.RELEASE.jar;C:\Users\PavelJ\.m2\repository\org\apache\tomcat\embed\tomcat-embed-core\8.5.43\tomcat-embed-core-8.5.43.jar;C:\Users\PavelJ\.m2\repository\org\apache\tomcat\tomcat-annotations-api\8.5.43\tomcat-annotations-api-8.5.43.jar;C:\Users\PavelJ\.m2\repository\org\apache\tomcat\embed\tomcat-embed-el\8.5.43\tomcat-embed-el-8.5.43.jar;C:\Users\PavelJ\.m2\repository\org\hibernate\hibernate-validator\5.3.6.Final\hibernate-validator-5.3.6.Final.jar;C:\Users\PavelJ\.m2\repository\javax\validation\validation-api\1.1.0.Final\validation-api-1.1.0.Final.jar;C:\Users\PavelJ\.m2\repository\org\jboss\logging\jboss-logging\3.3.2.Final\jboss-logging-3.3.2.Final.jar;C:\Users\PavelJ\.m2\repository\com\fasterxml\classmate\1.3.4\classmate-1.3.4.jar;C:\Users\PavelJ\.m2\repository\com\fasterxml\jackson\core\jackson-databind\2.8.11.3\jackson-databind-2.8.11.3.jar;C:\Users\PavelJ\.m2\repository\com\fasterxml\jackson\core\jackson-annotations\2.8.0\jackson-annotations-2.8.0.jar;C:\Users\PavelJ\.m2\repository\com\fasterxml\jackson\core\jackson-core\2.8.11\jackson-core-2.8.11.jar;C:\Users\PavelJ\.m2\repository\org\springframework\spring-web\4.3.25.RELEASE\spring-web-4.3.25.RELEASE.jar;C:\Users\PavelJ\.m2\repository\org\springframework\spring-aop\4.3.25.RELEASE\spring-aop-4.3.25.RELEASE.jar;C:\Users\PavelJ\.m2\repository\org\springframework\spring-beans\4.3.25.RELEASE\spring-beans-4.3.25.RELEASE.jar;C:\Users\PavelJ\.m2\repository\org\springframework\spring-context\4.3.25.RELEASE\spring-context-4.3.25.RELEASE.jar;C:\Users\PavelJ\.m2\repository\org\springframework\spring-webmvc\4.3.25.RELEASE\spring-webmvc-4.3.25.RELEASE.jar;C:\Users\PavelJ\.m2\repository\org\springframework\spring-expression\4.3.25.RELEASE\spring-expression-4.3.25.RELEASE.jar;C:\Users\PavelJ\.m2\repository\javax\javaee-api\7.0\javaee-api-7.0.jar;C:\Users\PavelJ\.m2\repository\com\sun\mail\javax.mail\1.5.6\javax.mail-1.5.6.jar;C:\Users\PavelJ\.m2\repository\javax\activation\activation\1.1\activation-1.1.jar;C:\Users\PavelJ\.m2\repository\cz\bsc\g8\rbcz\ejb-server-test\1.0-SNAPSHOT\ejb-server-test-1.0-SNAPSHOT.jar; -sourcepath C:\Users\PavelJ\IdeaProjects\ejbtest\src\main\java; -s C:\Users\PavelJ\IdeaProjects\ejbtest\target\generated-sources\annotations -g -nowarn -target 1.8 -source 1.8 -encoding UTF-8
[DEBUG] incrementalBuildHelper#beforeRebuildExecution
[INFO] Compiling 3 source files to C:\Users\PavelJ\IdeaProjects\ejbtest\target\classes
[DEBUG] incrementalBuildHelper#afterRebuildExecution
[INFO] -------------------------------------------------------------
[ERROR] COMPILATION ERROR : 
[INFO] -------------------------------------------------------------
[ERROR] /C:/Users/PavelJ/IdeaProjects/ejbtest/src/main/java/controller/TestController.java:[13,18] package ejb.remote does not exist
[ERROR] /C:/Users/PavelJ/IdeaProjects/ejbtest/src/main/java/controller/TestController.java:[19,13] cannot find symbol
  symbol:   class RemoteEJBTest
  location: class controller.TestController
[ERROR] /C:/Users/PavelJ/IdeaProjects/ejbtest/src/main/java/configuration/EJBConfiguration.java:[14,18] package ejb.remote does not exist
[ERROR] /C:/Users/PavelJ/IdeaProjects/ejbtest/src/main/java/configuration/EJBConfiguration.java:[33,59] cannot find symbol
  symbol:   class RemoteEJBTest
  location: class configuration.EJBConfiguration
[INFO] 4 errors 
[INFO] -------------------------------------------------------------
[INFO] ------------------------------------------------------------------------
[INFO] BUILD FAILURE
[INFO] ------------------------------------------------------------------------
[INFO] Total time:  1.491 s
[INFO] Finished at: 2019-11-02T09:49:05+01:00
[INFO] ------------------------------------------------------------------------
[ERROR] Failed to execute goal org.apache.maven.plugins:maven-compiler-plugin:3.1:compile (default-compile) on project ejb-client-test: Compilation failure: Compilation failure: 
[ERROR] /C:/Users/PavelJ/IdeaProjects/ejbtest/src/main/java/controller/TestController.java:[13,18] package ejb.remote does not exist
[ERROR] /C:/Users/PavelJ/IdeaProjects/ejbtest/src/main/java/controller/TestController.java:[19,13] cannot find symbol
[ERROR]   symbol:   class RemoteEJBTest
[ERROR]   location: class controller.TestController
[ERROR] /C:/Users/PavelJ/IdeaProjects/ejbtest/src/main/java/configuration/EJBConfiguration.java:[14,18] package ejb.remote does not exist
[ERROR] /C:/Users/PavelJ/IdeaProjects/ejbtest/src/main/java/configuration/EJBConfiguration.java:[33,59] cannot find symbol
[ERROR]   symbol:   class RemoteEJBTest
[ERROR]   location: class configuration.EJBConfiguration
[ERROR] -> [Help 1]
org.apache.maven.lifecycle.LifecycleExecutionException: Failed to execute goal org.apache.maven.plugins:maven-compiler-plugin:3.1:compile (default-compile) on project ejb-client-test: Compilation failure
    at org.apache.maven.lifecycle.internal.MojoExecutor.execute (MojoExecutor.java:215)
    at org.apache.maven.lifecycle.internal.MojoExecutor.execute (MojoExecutor.java:156)
    at org.apache.maven.lifecycle.internal.MojoExecutor.execute (MojoExecutor.java:148)
    at org.apache.maven.lifecycle.internal.LifecycleModuleBuilder.buildProject (LifecycleModuleBuilder.java:117)
    at org.apache.maven.lifecycle.internal.LifecycleModuleBuilder.buildProject (LifecycleModuleBuilder.java:81)
    at org.apache.maven.lifecycle.internal.builder.singlethreaded.SingleThreadedBuilder.build (SingleThreadedBuilder.java:56)
    at org.apache.maven.lifecycle.internal.LifecycleStarter.execute (LifecycleStarter.java:128)
    at org.apache.maven.DefaultMaven.doExecute (DefaultMaven.java:305)
    at org.apache.maven.DefaultMaven.doExecute (DefaultMaven.java:192)
    at org.apache.maven.DefaultMaven.execute (DefaultMaven.java:105)
    at org.apache.maven.cli.MavenCli.execute (MavenCli.java:956)
    at org.apache.maven.cli.MavenCli.doMain (MavenCli.java:288)
    at org.apache.maven.cli.MavenCli.main (MavenCli.java:192)
    at sun.reflect.NativeMethodAccessorImpl.invoke0 (Native Method)
    at sun.reflect.NativeMethodAccessorImpl.invoke (NativeMethodAccessorImpl.java:62)
    at sun.reflect.DelegatingMethodAccessorImpl.invoke (DelegatingMethodAccessorImpl.java:43)
    at java.lang.reflect.Method.invoke (Method.java:498)
    at org.codehaus.plexus.classworlds.launcher.Launcher.launchEnhanced (Launcher.java:289)
    at org.codehaus.plexus.classworlds.launcher.Launcher.launch (Launcher.java:229)
    at org.codehaus.plexus.classworlds.launcher.Launcher.mainWithExitCode (Launcher.java:415)
    at org.codehaus.plexus.classworlds.launcher.Launcher.main (Launcher.java:356)
Caused by: org.apache.maven.plugin.compiler.CompilationFailureException: Compilation failure
    at org.apache.maven.plugin.compiler.AbstractCompilerMojo.execute (AbstractCompilerMojo.java:858)
    at org.apache.maven.plugin.compiler.CompilerMojo.execute (CompilerMojo.java:129)
    at org.apache.maven.plugin.DefaultBuildPluginManager.executeMojo (DefaultBuildPluginManager.java:137)
    at org.apache.maven.lifecycle.internal.MojoExecutor.execute (MojoExecutor.java:210)
    at org.apache.maven.lifecycle.internal.MojoExecutor.execute (MojoExecutor.java:156)
    at org.apache.maven.lifecycle.internal.MojoExecutor.execute (MojoExecutor.java:148)
    at org.apache.maven.lifecycle.internal.LifecycleModuleBuilder.buildProject (LifecycleModuleBuilder.java:117)
    at org.apache.maven.lifecycle.internal.LifecycleModuleBuilder.buildProject (LifecycleModuleBuilder.java:81)
    at org.apache.maven.lifecycle.internal.builder.singlethreaded.SingleThreadedBuilder.build (SingleThreadedBuilder.java:56)
    at org.apache.maven.lifecycle.internal.LifecycleStarter.execute (LifecycleStarter.java:128)
    at org.apache.maven.DefaultMaven.doExecute (DefaultMaven.java:305)
    at org.apache.maven.DefaultMaven.doExecute (DefaultMaven.java:192)
    at org.apache.maven.DefaultMaven.execute (DefaultMaven.java:105)
    at org.apache.maven.cli.MavenCli.execute (MavenCli.java:956)
    at org.apache.maven.cli.MavenCli.doMain (MavenCli.java:288)
    at org.apache.maven.cli.MavenCli.main (MavenCli.java:192)
    at sun.reflect.NativeMethodAccessorImpl.invoke0 (Native Method)
    at sun.reflect.NativeMethodAccessorImpl.invoke (NativeMethodAccessorImpl.java:62)
    at sun.reflect.DelegatingMethodAccessorImpl.invoke (DelegatingMethodAccessorImpl.java:43)
    at java.lang.reflect.Method.invoke (Method.java:498)
    at org.codehaus.plexus.classworlds.launcher.Launcher.launchEnhanced (Launcher.java:289)
    at org.codehaus.plexus.classworlds.launcher.Launcher.launch (Launcher.java:229)
    at org.codehaus.plexus.classworlds.launcher.Launcher.mainWithExitCode (Launcher.java:415)
    at org.codehaus.plexus.classworlds.launcher.Launcher.main (Launcher.java:356)
[ERROR] 
[ERROR] 
[ERROR] For more information about the errors and possible solutions, please read the following articles:
[ERROR] [Help 1] http://cwiki.apache.org/confluence/display/MAVEN/MojoFailureException
